#
# A fatal error has been detected by the Java Runtime Environment:
#
#  SIGBUS (0x7) at pc=0x00007f96f4a43370, pid=1460, tid=1468
#
# JRE version: Java(TM) SE Runtime Environment (21.0+35) (build 21+35-LTS-2513)
# Java VM: Java HotSpot(TM) 64-Bit Server VM (21+35-LTS-2513, mixed mode, sharing, tiered, compressed oops, compressed class ptrs, parallel gc, linux-amd64)
# Problematic frame:
# C  [libinstrument.so+0x361c]
#
# Core dump will be written. Default location: Core dumps may be processed with "/lib/systemd/systemd-coredump %P %u %g %s %t 9223372036854775808 %h" (or dumping to /home/crispyduck/Documents/HKMU/Computer Science/Semester_05/COMP S312F - JAVA APPLICATION DEVELOPMENT/Java-Application-Development-Learning-Journey/core.1460)
#
# If you would like to submit a bug report, please visit:
#   https://bugreport.java.com/bugreport/crash.jsp
# The crash happened outside the Java Virtual Machine in native code.
# See problematic frame for where to report the bug.
#

---------------  S U M M A R Y ------------

Command Line: --add-modules=ALL-SYSTEM --add-opens=java.base/java.util=ALL-UNNAMED --add-opens=java.base/java.lang=ALL-UNNAMED --add-opens=java.base/sun.nio.fs=ALL-UNNAMED -Declipse.application=org.eclipse.jdt.ls.core.id1 -Dosgi.bundles.defaultStartLevel=4 -Declipse.product=org.eclipse.jdt.ls.core.product -Djava.import.generatesMetadataFilesAtProjectRoot=false -DDetectVMInstallationsJob.disabled=true -Dfile.encoding=utf8 -XX:+UseParallelGC -XX:GCTimeRatio=4 -XX:AdaptiveSizePolicyWeight=90 -Dsun.zip.disableMemoryMapping=true -Xmx1G -Xms100m -Xlog:disable -javaagent:/home/crispyduck/.var/app/com.visualstudio.code/data/vscode/extensions/redhat.java-1.36.0-linux-x64/lombok/lombok-1.18.35.jar -XX:+HeapDumpOnOutOfMemoryError -XX:HeapDumpPath=/home/crispyduck/.var/app/com.visualstudio.code/config/Code/User/workspaceStorage/d6861757e773fe311189016f2cec0e09/redhat.java -Daether.dependencyCollector.impl=bf /home/crispyduck/.var/app/com.visualstudio.code/data/vscode/extensions/redhat.java-1.36.0-linux-x64/server/plugins/org.eclipse.equinox.launcher_1.6.900.v20240613-2009.jar -configuration /home/crispyduck/.var/app/com.visualstudio.code/config/Code/User/globalStorage/redhat.java/1.36.0/config_linux -data /home/crispyduck/.var/app/com.visualstudio.code/config/Code/User/workspaceStorage/d6861757e773fe311189016f2cec0e09/redhat.java/jdt_ws --pipe=/run/user/1000/lsp-7024f855c52258a7acbbd708c38abb74.sock

Host: Intel(R) Core(TM) i5-8350U CPU @ 1.70GHz, 8 cores, 15G, Freedesktop SDK 24.08 (Flatpak runtime)
Time: Sat Nov 16 21:52:01 2024 HKT elapsed time: 112303.881373 seconds (1d 7h 11m 43s)

---------------  T H R E A D  ---------------

Current thread (0x00007f96ec184bb0):  JavaThread "Signal Dispatcher" daemon [_thread_in_native, id=1468, stack(0x00007f968ee00000,0x00007f968ef00000) (1024K)]

Stack: [0x00007f968ee00000,0x00007f968ef00000],  sp=0x00007f968eefdb80,  free space=1014k
Native frames: (J=compiled Java code, j=interpreted, Vv=VM code, C=native code)
C  [libinstrument.so+0x361c]
C  [libinstrument.so+0x3473]
V  [libjvm.so+0xae858f]
V  [libjvm.so+0xadc2a5]
V  [libjvm.so+0xb110c1]
V  [libjvm.so+0x5f9a08]
V  [libjvm.so+0xe55788]
V  [libjvm.so+0xe53b9c]
V  [libjvm.so+0xe543e2]
V  [libjvm.so+0xe55a5e]
V  [libjvm.so+0x670bd7]
V  [libjvm.so+0x8d36ad]
j  jdk.internal.misc.Signal.dispatch(I)V+25 java.base@21
v  ~StubRoutines::call_stub 0x00007f96dc070cc6
V  [libjvm.so+0x8dd585]
V  [libjvm.so+0x8dd953]
V  [libjvm.so+0xcb0c00]
V  [libjvm.so+0x8f36f8]
V  [libjvm.so+0xe97ed8]
V  [libjvm.so+0xcbe25a]
C  [libc.so.6+0x97ddd]
Java frames: (J=compiled Java code, j=interpreted, Vv=VM code)
j  jdk.internal.misc.Signal.dispatch(I)V+25 java.base@21
v  ~StubRoutines::call_stub 0x00007f96dc070cc6

siginfo: si_signo: 7 (SIGBUS), si_code: 2 (BUS_ADRERR), si_addr: 0x00007f96f4a43370

Registers:
RAX=0x0000000000000064, RBX=0x00007f96ec000c30, RCX=0x00007f96ec185358, RDX=0x00007f96ec185f80
RSP=0x00007f968eefdb78, RBP=0x00007f968eefdbb0, RSI=0x00007f968eefdb88, RDI=0x00007f96ec000c30
R8 =0x00007f9678001df0, R9 =0x0000000000000000, R10=0x0000000000000004, R11=0x0000000000000001
R12=0x00007f96ec184f68, R13=0x00007f96f562e7a8, R14=0x00007f9678001df0, R15=0x0000000000000000
RIP=0x00007f96f4a43370, EFLAGS=0x0000000000010202, CSGSFS=0x002b000000000033, ERR=0x0000000000000014
  TRAPNO=0x000000000000000e


Register to memory mapping:

RAX=0x0000000000000064 is an unknown value
RBX=0x00007f96ec000c30 points into unknown readable memory: 0x00007f96f5368940 | 40 89 36 f5 96 7f 00 00
RCX=0x00007f96ec185358 points into unknown readable memory: 0x7361622e6176616a | 6a 61 76 61 2e 62 61 73
RDX=0x00007f96ec185f80 points into unknown readable memory: 0x0000000000000004 | 04 00 00 00 00 00 00 00
RSP=0x00007f968eefdb78 is pointing into the stack for thread: 0x00007f96ec184bb0
RBP=0x00007f968eefdbb0 is pointing into the stack for thread: 0x00007f96ec184bb0
RSI=0x00007f968eefdb88 is pointing into the stack for thread: 0x00007f96ec184bb0
RDI=0x00007f96ec000c30 points into unknown readable memory: 0x00007f96f5368940 | 40 89 36 f5 96 7f 00 00
R8 =0x00007f9678001df0 points into unknown readable memory: 0x65746e692f6b646a | 6a 64 6b 2f 69 6e 74 65
R9 =0x0 is null
R10=0x0000000000000004 is an unknown value
R11=0x0000000000000001 is an unknown value
R12=0x00007f96ec184f68 points into unknown readable memory: 0x00007f96f535ffa0 | a0 ff 35 f5 96 7f 00 00
R13=0x00007f96f562e7a8: <offset 0x00000000000077a8> in /run/flatpak/doc/35ebeff0/jdk-21-oracle-x64/lib/libinstrument.so at 0x00007f96f5627000
R14=0x00007f9678001df0 points into unknown readable memory: 0x65746e692f6b646a | 6a 64 6b 2f 69 6e 74 65
R15=0x0 is null

Top of Stack: (sp=0x00007f968eefdb78)
0x00007f968eefdb78:   00007f96f562a61c 0000000000000000
0x00007f968eefdb88:   0000000000000000 0000000000000128
0x00007f968eefdb98:   0000000000000000 00007f96ec184f68
0x00007f968eefdba8:   0000000000000000 00007f968eefdc20
0x00007f968eefdbb8:   00007f96f562a473 0000000000000020
0x00007f968eefdbc8:   00007f96ec185300 00007f968eefdc78
0x00007f968eefdbd8:   00007f968eefdc74 00007f96ec185358
0x00007f968eefdbe8:   0000035100000000 0000000000000000
0x00007f968eefdbf8:   00007f96ec184bb0 00007f96ec000c30
0x00007f968eefdc08:   00007f968eefdd40 00007f9678001df0
0x00007f968eefdc18:   0000000000000000 00007f968eefdd20
0x00007f968eefdc28:   00007f96f4a6a58f 0000000000000351
0x00007f968eefdc38:   00007f96ec185358 00007f968eefdc74
0x00007f968eefdc48:   00007f968eefdc78 0000000000000000
0x00007f968eefdc58:   00007f96ec184bb0 0000000000000000
0x00007f968eefdc68:   0000000000000000 0000000000000000
0x00007f968eefdc78:   0000000000000000 0000000000000000
0x00007f968eefdc88:   00007f96ec1852c0 00007f9678001de0
0x00007f968eefdc98:   00007f9678001e10 00007f9678009dc8
0x00007f968eefdca8:   00000000000083b0 00007f96ec184bb0
0x00007f968eefdcb8:   00007f96ec184bb0 00007f96ec1856f0
0x00007f968eefdcc8:   00007f96ec185730 00007f96ec185758
0x00007f968eefdcd8:   00007f96ec185818 00000000000000d8
0x00007f968eefdce8:   00007f968eefde60 0000000000000000
0x00007f968eefdcf8:   00007f96ec000c30 00007f96f53a86e0
0x00007f968eefdd08:   0000000000000001 00007f96f53de7b0
0x00007f968eefdd18:   00007f968eefdd40 00007f968eefdde0
0x00007f968eefdd28:   00007f96f4a5e2a5 0000000000000000
0x00007f968eefdd38:   00007f96ec184bb0 00007f968f503c28
0x00007f968eefdd48:   0000000000000000 0000000000000000
0x00007f968eefdd58:   00007f968eefde50 00007f968eefde58
0x00007f968eefdd68:   00007f96ec184bb0 00007f9600000351 

Instructions: (pc=0x00007f96f562a61c)
0x00007f96f562a51c:   00 41 56 4c 8d 35 82 42 00 00 41 55 49 89 fd 41
0x00007f96f562a52c:   54 49 89 f4 e8 cb 29 00 00 b9 b9 03 00 00 4c 89
0x00007f96f562a53c:   f2 4c 89 fe 0f b6 f8 e8 d8 26 00 00 4c 89 e6 4c
0x00007f96f562a54c:   89 ef e8 9d 30 00 00 31 ff 4c 89 f2 b9 ba 03 00
0x00007f96f562a55c:   00 84 c0 48 8d 35 8a 42 00 00 40 0f 94 c7 e8 b1
0x00007f96f562a56c:   26 00 00 48 8d 15 a2 42 00 00 4c 89 e6 4c 89 ef
0x00007f96f562a57c:   e8 ff 39 00 00 84 c0 74 2b 4c 89 ef e8 73 29 00
0x00007f96f562a58c:   00 4c 89 f2 4c 89 fe b9 cd 03 00 00 0f b6 f8 e8
0x00007f96f562a59c:   80 26 00 00 4c 89 e0 41 5c 41 5d 41 5e 41 5f 5d
0x00007f96f562a5ac:   c3 0f 1f 00 48 8d 15 89 42 00 00 4c 89 e6 4c 89
0x00007f96f562a5bc:   ef e8 be 39 00 00 84 c0 75 bf 4c 89 e6 4c 89 ef
0x00007f96f562a5cc:   e8 4f 2e 00 00 4c 89 ef 48 89 c6 e8 14 2c 00 00
0x00007f96f562a5dc:   49 89 c4 eb a4 66 66 2e 0f 1f 84 00 00 00 00 00
0x00007f96f562a5ec:   0f 1f 40 00 55 48 89 e5 41 55 4c 8d 2d ab 41 00
0x00007f96f562a5fc:   00 41 54 48 8d 75 d8 53 48 89 fb 48 83 ec 18 48
0x00007f96f562a60c:   8b 07 48 c7 45 d8 00 00 00 00 ff 90 90 04 00 00
0x00007f96f562a61c:   31 ff b9 b9 00 00 00 4c 89 ea 85 c0 41 89 c4 48
0x00007f96f562a62c:   8d 35 3e 42 00 00 40 0f 94 c7 e8 e5 25 00 00 31
0x00007f96f562a63c:   c0 45 85 e4 74 0e 48 83 c4 18 5b 41 5c 41 5d 5d
0x00007f96f562a64c:   c3 0f 1f 00 31 ff 48 83 7d d8 00 4c 89 ea b9 bc
0x00007f96f562a65c:   00 00 00 40 0f 95 c7 48 8d 35 4f 4d 00 00 e8 b1
0x00007f96f562a66c:   25 00 00 48 8b 45 d8 31 ff 4c 89 ea b9 bd 00 00
0x00007f96f562a67c:   00 48 8d 35 0c 42 00 00 48 39 18 40 0f 94 c7 e8
0x00007f96f562a68c:   90 25 00 00 48 8b 45 d8 48 83 c4 18 5b 41 5c 41
0x00007f96f562a69c:   5d 5d c3 90 be 80 00 00 00 e9 46 38 00 00 66 0f
0x00007f96f562a6ac:   1f 44 00 00 e9 8b 38 00 00 66 66 2e 0f 1f 84 00
0x00007f96f562a6bc:   00 00 00 00 48 85 f6 0f 84 c7 00 00 00 55 b8 04
0x00007f96f562a6cc:   00 00 00 48 89 e5 41 57 41 56 41 55 41 54 49 89
0x00007f96f562a6dc:   f4 53 48 83 ec 08 80 3e 00 75 19 48 83 c4 08 5b
0x00007f96f562a6ec:   41 5c 41 5d 41 5e 41 5f 5d c3 66 2e 0f 1f 84 00
0x00007f96f562a6fc:   00 00 00 00 48 89 fb 48 89 f7 49 89 d6 e8 b2 db
0x00007f96f562a70c:   ff ff 48 8b 7b 08 48 8d 70 01 e8 d5 37 00 00 49 


Stack slot to memory mapping:

stack at sp + 0 slots: 0x0 is null
stack at sp + 1 slots: 0x0 is null
stack at sp + 2 slots: 0x0000000000000128 is an unknown value
stack at sp + 3 slots: 0x0 is null
stack at sp + 4 slots: 0x00007f96ec184f68 points into unknown readable memory: 0x00007f96f535ffa0 | a0 ff 35 f5 96 7f 00 00
stack at sp + 5 slots: 0x0 is null
stack at sp + 6 slots: 0x00007f968eefdc20 is pointing into the stack for thread: 0x00007f96ec184bb0
stack at sp + 7 slots: 0x00007f96f562a473: <offset 0x0000000000003473> in /run/flatpak/doc/35ebeff0/jdk-21-oracle-x64/lib/libinstrument.so at 0x00007f96f5627000


---------------  P R O C E S S  ---------------

Threads class SMR info:
_java_thread_list=0x00007f95f80301d0, length=38, elements={
0x00007f96ec027840, 0x00007f96ec181ae0, 0x00007f96ec183100, 0x00007f96ec184bb0,
0x00007f96ec1861c0, 0x00007f96ec187730, 0x00007f96ec189240, 0x00007f96ec18a8d0,
0x00007f96ec1a3ad0, 0x00007f96ec266ee0, 0x00007f96ec47b360, 0x00007f96ec4dca90,
0x00007f9648002980, 0x00007f96ec4e0770, 0x00007f96403ce700, 0x00007f964021bb50,
0x00007f96401ee680, 0x00007f96409d2aa0, 0x00007f96ec54be60, 0x00007f96ec5ec320,
0x00007f96ec5ee720, 0x00007f9678000ff0, 0x00007f95c4121c10, 0x00007f95f80219a0,
0x00007f960c162b50, 0x00007f95bc265350, 0x00007f95f801d010, 0x00007f95ac0035a0,
0x00007f95f014c590, 0x00007f95b4133310, 0x00007f95ac20dd80, 0x00007f960c8ffbc0,
0x00007f95ac005ad0, 0x00007f95f0bd92d0, 0x00007f95b42c9b50, 0x00007f960c91af40,
0x00007f95e401d8f0, 0x00007f95e4172d50
}

Java Threads: ( => current thread )
  0x00007f96ec027840 JavaThread "main"                              [_thread_blocked, id=1462, stack(0x00007f96f3d8e000,0x00007f96f3e8e000) (1024K)]
  0x00007f96ec181ae0 JavaThread "Reference Handler"          daemon [_thread_blocked, id=1466, stack(0x00007f96d40ba000,0x00007f96d41ba000) (1024K)]
  0x00007f96ec183100 JavaThread "Finalizer"                  daemon [_thread_blocked, id=1467, stack(0x00007f968ef00000,0x00007f968f000000) (1024K)]
=>0x00007f96ec184bb0 JavaThread "Signal Dispatcher"          daemon [_thread_in_native, id=1468, stack(0x00007f968ee00000,0x00007f968ef00000) (1024K)]
  0x00007f96ec1861c0 JavaThread "Service Thread"             daemon [_thread_blocked, id=1469, stack(0x00007f968ed00000,0x00007f968ee00000) (1024K)]
  0x00007f96ec187730 JavaThread "Monitor Deflation Thread"   daemon [_thread_blocked, id=1470, stack(0x00007f968ec00000,0x00007f968ed00000) (1024K)]
  0x00007f96ec189240 JavaThread "C2 CompilerThread0"         daemon [_thread_blocked, id=1472, stack(0x00007f968eb00000,0x00007f968ec00000) (1024K)]
  0x00007f96ec18a8d0 JavaThread "C1 CompilerThread0"         daemon [_thread_blocked, id=1473, stack(0x00007f968ea00000,0x00007f968eb00000) (1024K)]
  0x00007f96ec1a3ad0 JavaThread "Common-Cleaner"             daemon [_thread_blocked, id=1474, stack(0x00007f968e830000,0x00007f968e930000) (1024K)]
  0x00007f96ec266ee0 JavaThread "Notification Thread"        daemon [_thread_blocked, id=1480, stack(0x00007f968e730000,0x00007f968e830000) (1024K)]
  0x00007f96ec47b360 JavaThread "Active Thread: Equinox Container: 3f4c65d9-14c7-4f21-b168-2765caec111a"        [_thread_blocked, id=1502, stack(0x00007f968e630000,0x00007f968e730000) (1024K)]
  0x00007f96ec4dca90 JavaThread "Refresh Thread: Equinox Container: 3f4c65d9-14c7-4f21-b168-2765caec111a" daemon [_thread_blocked, id=1506, stack(0x00007f968e12d000,0x00007f968e22d000) (1024K)]
  0x00007f9648002980 JavaThread "Framework Event Dispatcher: Equinox Container: 3f4c65d9-14c7-4f21-b168-2765caec111a" daemon [_thread_blocked, id=1507, stack(0x00007f968e02d000,0x00007f968e12d000) (1024K)]
  0x00007f96ec4e0770 JavaThread "Start Level: Equinox Container: 3f4c65d9-14c7-4f21-b168-2765caec111a" daemon [_thread_blocked, id=1508, stack(0x00007f968dd00000,0x00007f968de00000) (1024K)]
  0x00007f96403ce700 JavaThread "Bundle File Closer"         daemon [_thread_blocked, id=1515, stack(0x00007f968daff000,0x00007f968dbff000) (1024K)]
  0x00007f964021bb50 JavaThread "SCR Component Actor"        daemon [_thread_blocked, id=1521, stack(0x00007f968e22d000,0x00007f968e32d000) (1024K)]
  0x00007f96401ee680 JavaThread "Worker-JM"                         [_thread_blocked, id=1532, stack(0x00007f968d7fe000,0x00007f968d8fe000) (1024K)]
  0x00007f96409d2aa0 JavaThread "Java indexing"              daemon [_thread_blocked, id=1545, stack(0x00007f968d0fc000,0x00007f968d1fc000) (1024K)]
  0x00007f96ec54be60 JavaThread "pool-2-thread-1"                   [_thread_blocked, id=1550, stack(0x00007f968cffc000,0x00007f968d0fc000) (1024K)]
  0x00007f96ec5ec320 JavaThread "WorkspaceEventsHandler"            [_thread_blocked, id=1551, stack(0x00007f968cefc000,0x00007f968cffc000) (1024K)]
  0x00007f96ec5ee720 JavaThread "pool-1-thread-1"                   [_thread_in_native, id=1552, stack(0x00007f968cdfc000,0x00007f968cefc000) (1024K)]
  0x00007f9678000ff0 JavaThread "Attach Listener"            daemon [_thread_blocked, id=1643, stack(0x00007f968c3fc000,0x00007f968c4fc000) (1024K)]
  0x00007f95c4121c10 JavaThread "Cleaner-0"                  daemon [_thread_blocked, id=2082, stack(0x00007f968c2fc000,0x00007f968c3fc000) (1024K)]
  0x00007f95f80219a0 JavaThread "ForkJoinPool.commonPool-worker-69" daemon [_thread_blocked, id=476433, stack(0x00007f968d3fc000,0x00007f968d4fc000) (1024K)]
  0x00007f960c162b50 JavaThread "ForkJoinPool.commonPool-worker-71" daemon [_thread_blocked, id=476681, stack(0x00007f968c1fc000,0x00007f968c2fc000) (1024K)]
  0x00007f95bc265350 JavaThread "Worker-31"                         [_thread_blocked, id=476690, stack(0x00007f968c8fc000,0x00007f968c9fc000) (1024K)]
  0x00007f95f801d010 JavaThread "ForkJoinPool.commonPool-worker-73" daemon [_thread_blocked, id=477877, stack(0x00007f968d8fe000,0x00007f968d9fe000) (1024K)]
  0x00007f95ac0035a0 JavaThread "Compiler Source File Reader" daemon [_thread_blocked, id=480291, stack(0x00007f968d1fc000,0x00007f968d2fc000) (1024K)]
  0x00007f95f014c590 JavaThread "Worker-32"                         [_thread_blocked, id=480304, stack(0x00007f95cb739000,0x00007f95cb839000) (1024K)]
  0x00007f95b4133310 JavaThread "Compiler Source File Reader" daemon [_thread_blocked, id=480336, stack(0x00007f968c4fc000,0x00007f968c5fc000) (1024K)]
  0x00007f95ac20dd80 JavaThread "Compiler Source File Reader" daemon [_thread_blocked, id=480383, stack(0x00007f968c5fc000,0x00007f968c6fc000) (1024K)]
  0x00007f960c8ffbc0 JavaThread "ForkJoinPool.commonPool-worker-76" daemon [_thread_blocked, id=480400, stack(0x00007f968c0fc000,0x00007f968c1fc000) (1024K)]
  0x00007f95ac005ad0 JavaThread "Compiler Source File Reader" daemon [_thread_blocked, id=480401, stack(0x00007f95cba39000,0x00007f95cbb39000) (1024K)]
  0x00007f95f0bd92d0 JavaThread "Compiler Source File Reader" daemon [_thread_blocked, id=480416, stack(0x00007f968c6fc000,0x00007f968c7fc000) (1024K)]
  0x00007f95b42c9b50 JavaThread "Compiler Source File Reader" daemon [_thread_blocked, id=480515, stack(0x00007f95cb839000,0x00007f95cb939000) (1024K)]
  0x00007f960c91af40 JavaThread "Java Debug Server"          daemon [_thread_in_native, id=480520, stack(0x00007f968ccfc000,0x00007f968cdfc000) (1024K)]
  0x00007f95e401d8f0 JavaThread "RxSchedulerPurge-1"         daemon [_thread_blocked, id=480526, stack(0x00007f95cb639000,0x00007f95cb739000) (1024K)]
  0x00007f95e4172d50 JavaThread "RxCachedWorkerPoolEvictor-1" daemon [_thread_blocked, id=480527, stack(0x00007f95cb539000,0x00007f95cb639000) (1024K)]
Total: 38

Other Threads:
  0x00007f96ec170890 VMThread "VM Thread"                           [id=1465, stack(0x00007f96d4433000,0x00007f96d4533000) (1024K)]
  0x00007f96ec04eb20 WatcherThread "VM Periodic Task Thread"        [id=1464, stack(0x00007f96f12d8000,0x00007f96f13d8000) (1024K)]
  0x00007f96ec03fb90 WorkerThread "GC Thread#0"                     [id=1463, stack(0x00007f96f3860000,0x00007f96f3960000) (1024K)]
  0x00007f967c000f10 WorkerThread "GC Thread#1"                     [id=1493, stack(0x00007f968e530000,0x00007f968e630000) (1024K)]
  0x00007f967c002c70 WorkerThread "GC Thread#2"                     [id=1494, stack(0x00007f968e42f000,0x00007f968e52f000) (1024K)]
  0x00007f967c003540 WorkerThread "GC Thread#3"                     [id=1495, stack(0x00007f968e32e000,0x00007f968e42e000) (1024K)]
  0x00007f967c004170 WorkerThread "GC Thread#4"                     [id=1509, stack(0x00007f968dc00000,0x00007f968dd00000) (1024K)]
  0x00007f967c0053f0 WorkerThread "GC Thread#5"                     [id=1519, stack(0x00007f968d9ff000,0x00007f968daff000) (1024K)]
  0x00007f967c006440 WorkerThread "GC Thread#6"                     [id=1528, stack(0x00007f968d6fe000,0x00007f968d7fe000) (1024K)]
  0x00007f967c006bb0 WorkerThread "GC Thread#7"                     [id=1529, stack(0x00007f968d5fd000,0x00007f968d6fd000) (1024K)]
Total: 10

Threads with active compile tasks:
Total: 0

VM state: not at safepoint (normal execution)

VM Mutex/Monitor currently owned by a thread: None

Heap address: 0x00000000c0000000, size: 1024 MB, Compressed Oops mode: 32-bit

CDS archive(s) mapped at: [0x00007f968f000000-0x00007f968fcaa000-0x00007f968fcaa000), size 13279232, SharedBaseAddress: 0x00007f968f000000, ArchiveRelocationMode: 1.
Compressed class space mapped at: 0x00007f9690000000-0x00007f96d0000000, reserved size: 1073741824
Narrow klass base: 0x00007f968f000000, Narrow klass shift: 0, Narrow klass range: 0x100000000

GC Precious Log:
 CardTable entry size: 512
 CPUs: 8 total, 8 available
 Memory: 15833M
 Large Page Support: Disabled
 NUMA Support: Disabled
 Compressed Oops: Enabled (32-bit)
 Alignments: Space 512K, Generation 512K, Heap 2M
 Heap Min Capacity: 100M
 Heap Initial Capacity: 100M
 Heap Max Capacity: 1G
 Pre-touch: Disabled
 Parallel Workers: 8

Heap:
 PSYoungGen      total 5120K, used 3753K [0x00000000eab00000, 0x00000000eb380000, 0x0000000100000000)
  eden space 4096K, 70% used [0x00000000eab00000,0x00000000eadd26b0,0x00000000eaf00000)
  from space 1024K, 84% used [0x00000000eb280000,0x00000000eb358020,0x00000000eb380000)
  to   space 1536K, 0% used [0x00000000eb080000,0x00000000eb080000,0x00000000eb200000)
 ParOldGen       total 136192K, used 110946K [0x00000000c0000000, 0x00000000c8500000, 0x00000000eab00000)
  object space 136192K, 81% used [0x00000000c0000000,0x00000000c6c58a60,0x00000000c8500000)
 Metaspace       used 90689K, committed 92160K, reserved 1179648K
  class space    used 8883K, committed 9536K, reserved 1048576K

Card table byte_map: [0x00007f96f3960000,0x00007f96f3b61000] _byte_map_base: 0x00007f96f3360000

Marking Bits: (ParMarkBitMap*) 0x00007f96f53bf160
 Begin Bits: [0x00007f96f1709000, 0x00007f96f2709000)
 End Bits:   [0x00007f96f2709000, 0x00007f96f3709000)

Polling page: 0x00007f96f5634000

Metaspace:

Usage:
  Non-class:     79.89 MB used.
      Class:      8.68 MB used.
       Both:     88.56 MB used.

Virtual space:
  Non-class space:      128.00 MB reserved,      80.69 MB ( 63%) committed,  2 nodes.
      Class space:        1.00 GB reserved,       9.31 MB ( <1%) committed,  1 nodes.
             Both:        1.12 GB reserved,      90.00 MB (  8%) committed. 

Chunk freelists:
   Non-Class:  14.98 MB
       Class:  6.68 MB
        Both:  21.65 MB

MaxMetaspaceSize: unlimited
CompressedClassSpaceSize: 1.00 GB
Initial GC threshold: 21.00 MB
Current GC threshold: 150.00 MB
CDS: on
 - commit_granule_bytes: 65536.
 - commit_granule_words: 8192.
 - virtual_space_node_default_size: 8388608.
 - enlarge_chunks_in_place: 1.
 - use_allocation_guard: 0.


Internal statistics:

num_allocs_failed_limit: 6.
num_arena_births: 1854.
num_arena_deaths: 482.
num_vsnodes_births: 3.
num_vsnodes_deaths: 0.
num_space_committed: 1440.
num_space_uncommitted: 0.
num_chunks_returned_to_freelist: 576.
num_chunks_taken_from_freelist: 6563.
num_chunk_merges: 133.
num_chunk_splits: 3683.
num_chunks_enlarged: 1918.
num_inconsistent_stats: 0.

CodeHeap 'non-profiled nmethods': size=120028Kb used=16537Kb max_used=22703Kb free=103491Kb
 bounds [0x00007f96dc602000, 0x00007f96ddc32000, 0x00007f96e3b39000]
CodeHeap 'profiled nmethods': size=120028Kb used=16916Kb max_used=45682Kb free=103111Kb
 bounds [0x00007f96d4b39000, 0x00007f96d77d9000, 0x00007f96dc070000]
CodeHeap 'non-nmethods': size=5704Kb used=1512Kb max_used=1618Kb free=4192Kb
 bounds [0x00007f96dc070000, 0x00007f96dc2e0000, 0x00007f96dc602000]
 total_blobs=9199 nmethods=8362 adapters=741
 compilation: enabled
              stopped_count=0, restarted_count=0
 full_count=0

Compilation events (20 events):
Event: 112212.269 Thread 0x00007f96685b98c0 37623       4       org.eclipse.jdt.internal.core.NamedMember::<init> (12 bytes)
Event: 112212.269 Thread 0x00007f96681e7650 37624       4       org.eclipse.jdt.internal.core.Member::<init> (7 bytes)
Event: 112212.272 Thread 0x00007f96681e7650 nmethod 37624 0x00007f96dd9bd510 code [0x00007f96dd9bd6a0, 0x00007f96dd9bd7d8]
Event: 112212.272 Thread 0x00007f96681e7650 37613       4       java.net.URI::appendFragment (27 bytes)
Event: 112212.276 Thread 0x00007f96681e7650 nmethod 37613 0x00007f96dd9bd190 code [0x00007f96dd9bd300, 0x00007f96dd9bd3b0]
Event: 112212.276 Thread 0x00007f96681e7650 37611       4       java.util.regex.Pattern$BitClass::add (97 bytes)
Event: 112212.283 Thread 0x00007f96ec18a8d0 nmethod 37616 0x00007f96d6b57090 code [0x00007f96d6b57640, 0x00007f96d6b5a768]
Event: 112212.283 Thread 0x00007f96ec18a8d0 37625       3       org.eclipse.jdt.internal.corext.util.MethodOverrideTester::isSubsignature (67 bytes)
Event: 112212.284 Thread 0x00007f96ec18a8d0 nmethod 37625 0x00007f96d612d710 code [0x00007f96d612d940, 0x00007f96d612e030]
Event: 112212.285 Thread 0x00007f96681e7650 nmethod 37611 0x00007f96dda3c210 code [0x00007f96dda3c400, 0x00007f96dda3c6e8]
Event: 112212.285 Thread 0x00007f96681e7650 37610       4       java.util.regex.Pattern::bitsOrSingle (106 bytes)
Event: 112212.286 Thread 0x00007f96685b98c0 nmethod 37623 0x00007f96dda48f10 code [0x00007f96dda490a0, 0x00007f96dda491f0]
Event: 112212.308 Thread 0x00007f96681e7650 nmethod 37610 0x00007f96dd663c90 code [0x00007f96dd663ea0, 0x00007f96dd664338]
Event: 112212.631 Thread 0x00007f96ec18a8d0 37627       1       org.eclipse.jdt.internal.launching.JREContainer::getKind (2 bytes)
Event: 112212.631 Thread 0x00007f96ec18a8d0 nmethod 37627 0x00007f96dda48c10 code [0x00007f96dda48da0, 0x00007f96dda48e60]
Event: 112212.679 Thread 0x00007f96ec18a8d0 37628       1       org.eclipse.lsp4j.jsonrpc.messages.Message::getJsonrpc (5 bytes)
Event: 112212.679 Thread 0x00007f96ec18a8d0 nmethod 37628 0x00007f96ddb17410 code [0x00007f96ddb175a0, 0x00007f96ddb17660]
Event: 112213.745 Thread 0x00007f96ec189240 nmethod 37609 0x00007f96dd742c10 code [0x00007f96dd743880, 0x00007f96dd74bac0]
Event: 112273.454 Thread 0x00007f96ec18a8d0 37629       3       java.util.concurrent.ConcurrentHashMap::keySet (5 bytes)
Event: 112273.455 Thread 0x00007f96ec18a8d0 nmethod 37629 0x00007f96d67b8e10 code [0x00007f96d67b8fc0, 0x00007f96d67b9110]

GC Heap History (20 events):
Event: 112191.839 GC heap before
{Heap before GC invocations=7422 (full 77):
 PSYoungGen      total 5632K, used 5264K [0x00000000eab00000, 0x00000000eb500000, 0x0000000100000000)
  eden space 3072K, 100% used [0x00000000eab00000,0x00000000eae00000,0x00000000eae00000)
  from space 2560K, 85% used [0x00000000eb280000,0x00000000eb4a4320,0x00000000eb500000)
  to   space 3072K, 0% used [0x00000000eaf00000,0x00000000eaf00000,0x00000000eb200000)
 ParOldGen       total 136192K, used 103048K [0x00000000c0000000, 0x00000000c8500000, 0x00000000eab00000)
  object space 136192K, 75% used [0x00000000c0000000,0x00000000c64a2398,0x00000000c8500000)
 Metaspace       used 90681K, committed 92160K, reserved 1179648K
  class space    used 8883K, committed 9536K, reserved 1048576K
}
Event: 112191.845 GC heap after
{Heap after GC invocations=7422 (full 77):
 PSYoungGen      total 7168K, used 3056K [0x00000000eab00000, 0x00000000eba00000, 0x0000000100000000)
  eden space 4096K, 0% used [0x00000000eab00000,0x00000000eab00000,0x00000000eaf00000)
  from space 3072K, 99% used [0x00000000eaf00000,0x00000000eb1fc320,0x00000000eb200000)
  to   space 5632K, 0% used [0x00000000eb480000,0x00000000eb480000,0x00000000eba00000)
 ParOldGen       total 136192K, used 105064K [0x00000000c0000000, 0x00000000c8500000, 0x00000000eab00000)
  object space 136192K, 77% used [0x00000000c0000000,0x00000000c669a398,0x00000000c8500000)
 Metaspace       used 90681K, committed 92160K, reserved 1179648K
  class space    used 8883K, committed 9536K, reserved 1048576K
}
Event: 112212.176 GC heap before
{Heap before GC invocations=7423 (full 77):
 PSYoungGen      total 7168K, used 7152K [0x00000000eab00000, 0x00000000eba00000, 0x0000000100000000)
  eden space 4096K, 100% used [0x00000000eab00000,0x00000000eaf00000,0x00000000eaf00000)
  from space 3072K, 99% used [0x00000000eaf00000,0x00000000eb1fc320,0x00000000eb200000)
  to   space 5632K, 0% used [0x00000000eb480000,0x00000000eb480000,0x00000000eba00000)
 ParOldGen       total 136192K, used 105064K [0x00000000c0000000, 0x00000000c8500000, 0x00000000eab00000)
  object space 136192K, 77% used [0x00000000c0000000,0x00000000c669a398,0x00000000c8500000)
 Metaspace       used 90682K, committed 92160K, reserved 1179648K
  class space    used 8883K, committed 9536K, reserved 1048576K
}
Event: 112212.182 GC heap after
{Heap after GC invocations=7423 (full 77):
 PSYoungGen      total 4608K, used 96K [0x00000000eab00000, 0x00000000eb500000, 0x0000000100000000)
  eden space 4096K, 0% used [0x00000000eab00000,0x00000000eab00000,0x00000000eaf00000)
  from space 512K, 18% used [0x00000000eb480000,0x00000000eb498000,0x00000000eb500000)
  to   space 2048K, 0% used [0x00000000eb100000,0x00000000eb100000,0x00000000eb300000)
 ParOldGen       total 136192K, used 105818K [0x00000000c0000000, 0x00000000c8500000, 0x00000000eab00000)
  object space 136192K, 77% used [0x00000000c0000000,0x00000000c6756800,0x00000000c8500000)
 Metaspace       used 90682K, committed 92160K, reserved 1179648K
  class space    used 8883K, committed 9536K, reserved 1048576K
}
Event: 112212.622 GC heap before
{Heap before GC invocations=7424 (full 77):
 PSYoungGen      total 4608K, used 4192K [0x00000000eab00000, 0x00000000eb500000, 0x0000000100000000)
  eden space 4096K, 100% used [0x00000000eab00000,0x00000000eaf00000,0x00000000eaf00000)
  from space 512K, 18% used [0x00000000eb480000,0x00000000eb498000,0x00000000eb500000)
  to   space 2048K, 0% used [0x00000000eb100000,0x00000000eb100000,0x00000000eb300000)
 ParOldGen       total 136192K, used 105818K [0x00000000c0000000, 0x00000000c8500000, 0x00000000eab00000)
  object space 136192K, 77% used [0x00000000c0000000,0x00000000c6756800,0x00000000c8500000)
 Metaspace       used 90689K, committed 92160K, reserved 1179648K
  class space    used 8883K, committed 9536K, reserved 1048576K
}
Event: 112212.625 GC heap after
{Heap after GC invocations=7424 (full 77):
 PSYoungGen      total 6144K, used 192K [0x00000000eab00000, 0x00000000eb500000, 0x0000000100000000)
  eden space 4096K, 0% used [0x00000000eab00000,0x00000000eab00000,0x00000000eaf00000)
  from space 2048K, 9% used [0x00000000eb100000,0x00000000eb130000,0x00000000eb300000)
  to   space 512K, 0% used [0x00000000eb480000,0x00000000eb480000,0x00000000eb500000)
 ParOldGen       total 136192K, used 105826K [0x00000000c0000000, 0x00000000c8500000, 0x00000000eab00000)
  object space 136192K, 77% used [0x00000000c0000000,0x00000000c6758800,0x00000000c8500000)
 Metaspace       used 90689K, committed 92160K, reserved 1179648K
  class space    used 8883K, committed 9536K, reserved 1048576K
}
Event: 112212.644 GC heap before
{Heap before GC invocations=7425 (full 77):
 PSYoungGen      total 6144K, used 4288K [0x00000000eab00000, 0x00000000eb500000, 0x0000000100000000)
  eden space 4096K, 100% used [0x00000000eab00000,0x00000000eaf00000,0x00000000eaf00000)
  from space 2048K, 9% used [0x00000000eb100000,0x00000000eb130000,0x00000000eb300000)
  to   space 512K, 0% used [0x00000000eb480000,0x00000000eb480000,0x00000000eb500000)
 ParOldGen       total 136192K, used 105826K [0x00000000c0000000, 0x00000000c8500000, 0x00000000eab00000)
  object space 136192K, 77% used [0x00000000c0000000,0x00000000c6758800,0x00000000c8500000)
 Metaspace       used 90689K, committed 92160K, reserved 1179648K
  class space    used 8883K, committed 9536K, reserved 1048576K
}
Event: 112212.650 GC heap after
{Heap after GC invocations=7425 (full 77):
 PSYoungGen      total 4608K, used 488K [0x00000000eab00000, 0x00000000eb800000, 0x0000000100000000)
  eden space 4096K, 0% used [0x00000000eab00000,0x00000000eab00000,0x00000000eaf00000)
  from space 512K, 95% used [0x00000000eb480000,0x00000000eb4fa190,0x00000000eb500000)
  to   space 4608K, 0% used [0x00000000eaf00000,0x00000000eaf00000,0x00000000eb380000)
 ParOldGen       total 136192K, used 108930K [0x00000000c0000000, 0x00000000c8500000, 0x00000000eab00000)
  object space 136192K, 79% used [0x00000000c0000000,0x00000000c6a608d0,0x00000000c8500000)
 Metaspace       used 90689K, committed 92160K, reserved 1179648K
  class space    used 8883K, committed 9536K, reserved 1048576K
}
Event: 112212.671 GC heap before
{Heap before GC invocations=7426 (full 77):
 PSYoungGen      total 4608K, used 4584K [0x00000000eab00000, 0x00000000eb800000, 0x0000000100000000)
  eden space 4096K, 100% used [0x00000000eab00000,0x00000000eaf00000,0x00000000eaf00000)
  from space 512K, 95% used [0x00000000eb480000,0x00000000eb4fa190,0x00000000eb500000)
  to   space 4608K, 0% used [0x00000000eaf00000,0x00000000eaf00000,0x00000000eb380000)
 ParOldGen       total 136192K, used 108930K [0x00000000c0000000, 0x00000000c8500000, 0x00000000eab00000)
  object space 136192K, 79% used [0x00000000c0000000,0x00000000c6a608d0,0x00000000c8500000)
 Metaspace       used 90689K, committed 92160K, reserved 1179648K
  class space    used 8883K, committed 9536K, reserved 1048576K
}
Event: 112212.677 GC heap after
{Heap after GC invocations=7426 (full 77):
 PSYoungGen      total 8704K, used 3984K [0x00000000eab00000, 0x00000000eb800000, 0x0000000100000000)
  eden space 4096K, 0% used [0x00000000eab00000,0x00000000eab00000,0x00000000eaf00000)
  from space 4608K, 86% used [0x00000000eaf00000,0x00000000eb2e4320,0x00000000eb380000)
  to   space 4608K, 0% used [0x00000000eb380000,0x00000000eb380000,0x00000000eb800000)
 ParOldGen       total 136192K, used 109415K [0x00000000c0000000, 0x00000000c8500000, 0x00000000eab00000)
  object space 136192K, 80% used [0x00000000c0000000,0x00000000c6ad9e78,0x00000000c8500000)
 Metaspace       used 90689K, committed 92160K, reserved 1179648K
  class space    used 8883K, committed 9536K, reserved 1048576K
}
Event: 112212.698 GC heap before
{Heap before GC invocations=7427 (full 77):
 PSYoungGen      total 8704K, used 8080K [0x00000000eab00000, 0x00000000eb800000, 0x0000000100000000)
  eden space 4096K, 100% used [0x00000000eab00000,0x00000000eaf00000,0x00000000eaf00000)
  from space 4608K, 86% used [0x00000000eaf00000,0x00000000eb2e4320,0x00000000eb380000)
  to   space 4608K, 0% used [0x00000000eb380000,0x00000000eb380000,0x00000000eb800000)
 ParOldGen       total 136192K, used 109415K [0x00000000c0000000, 0x00000000c8500000, 0x00000000eab00000)
  object space 136192K, 80% used [0x00000000c0000000,0x00000000c6ad9e78,0x00000000c8500000)
 Metaspace       used 90689K, committed 92160K, reserved 1179648K
  class space    used 8883K, committed 9536K, reserved 1048576K
}
Event: 112212.702 GC heap after
{Heap after GC invocations=7427 (full 77):
 PSYoungGen      total 7168K, used 2992K [0x00000000eab00000, 0x00000000eb680000, 0x0000000100000000)
  eden space 4096K, 0% used [0x00000000eab00000,0x00000000eab00000,0x00000000eaf00000)
  from space 3072K, 97% used [0x00000000eb380000,0x00000000eb66c320,0x00000000eb680000)
  to   space 3584K, 0% used [0x00000000eaf80000,0x00000000eaf80000,0x00000000eb300000)
 ParOldGen       total 136192K, used 109991K [0x00000000c0000000, 0x00000000c8500000, 0x00000000eab00000)
  object space 136192K, 80% used [0x00000000c0000000,0x00000000c6b69e78,0x00000000c8500000)
 Metaspace       used 90689K, committed 92160K, reserved 1179648K
  class space    used 8883K, committed 9536K, reserved 1048576K
}
Event: 112212.723 GC heap before
{Heap before GC invocations=7428 (full 77):
 PSYoungGen      total 7168K, used 7088K [0x00000000eab00000, 0x00000000eb680000, 0x0000000100000000)
  eden space 4096K, 100% used [0x00000000eab00000,0x00000000eaf00000,0x00000000eaf00000)
  from space 3072K, 97% used [0x00000000eb380000,0x00000000eb66c320,0x00000000eb680000)
  to   space 3584K, 0% used [0x00000000eaf80000,0x00000000eaf80000,0x00000000eb300000)
 ParOldGen       total 136192K, used 109991K [0x00000000c0000000, 0x00000000c8500000, 0x00000000eab00000)
  object space 136192K, 80% used [0x00000000c0000000,0x00000000c6b69e78,0x00000000c8500000)
 Metaspace       used 90689K, committed 92160K, reserved 1179648K
  class space    used 8883K, committed 9536K, reserved 1048576K
}
Event: 112212.729 GC heap after
{Heap after GC invocations=7428 (full 77):
 PSYoungGen      total 7168K, used 2768K [0x00000000eab00000, 0x00000000eb500000, 0x0000000100000000)
  eden space 4096K, 0% used [0x00000000eab00000,0x00000000eab00000,0x00000000eaf00000)
  from space 3072K, 90% used [0x00000000eaf80000,0x00000000eb234320,0x00000000eb280000)
  to   space 2560K, 0% used [0x00000000eb280000,0x00000000eb280000,0x00000000eb500000)
 ParOldGen       total 136192K, used 110453K [0x00000000c0000000, 0x00000000c8500000, 0x00000000eab00000)
  object space 136192K, 81% used [0x00000000c0000000,0x00000000c6bdd718,0x00000000c8500000)
 Metaspace       used 90689K, committed 92160K, reserved 1179648K
  class space    used 8883K, committed 9536K, reserved 1048576K
}
Event: 112213.484 GC heap before
{Heap before GC invocations=7429 (full 77):
 PSYoungGen      total 7168K, used 6864K [0x00000000eab00000, 0x00000000eb500000, 0x0000000100000000)
  eden space 4096K, 100% used [0x00000000eab00000,0x00000000eaf00000,0x00000000eaf00000)
  from space 3072K, 90% used [0x00000000eaf80000,0x00000000eb234320,0x00000000eb280000)
  to   space 2560K, 0% used [0x00000000eb280000,0x00000000eb280000,0x00000000eb500000)
 ParOldGen       total 136192K, used 110453K [0x00000000c0000000, 0x00000000c8500000, 0x00000000eab00000)
  object space 136192K, 81% used [0x00000000c0000000,0x00000000c6bdd718,0x00000000c8500000)
 Metaspace       used 90689K, committed 92160K, reserved 1179648K
  class space    used 8883K, committed 9536K, reserved 1048576K
}
Event: 112213.491 GC heap after
{Heap after GC invocations=7429 (full 77):
 PSYoungGen      total 6656K, used 2288K [0x00000000eab00000, 0x00000000eb500000, 0x0000000100000000)
  eden space 4096K, 0% used [0x00000000eab00000,0x00000000eab00000,0x00000000eaf00000)
  from space 2560K, 89% used [0x00000000eb280000,0x00000000eb4bc320,0x00000000eb500000)
  to   space 2560K, 0% used [0x00000000eb000000,0x00000000eb000000,0x00000000eb280000)
 ParOldGen       total 136192K, used 110461K [0x00000000c0000000, 0x00000000c8500000, 0x00000000eab00000)
  object space 136192K, 81% used [0x00000000c0000000,0x00000000c6bdf718,0x00000000c8500000)
 Metaspace       used 90689K, committed 92160K, reserved 1179648K
  class space    used 8883K, committed 9536K, reserved 1048576K
}
Event: 112213.520 GC heap before
{Heap before GC invocations=7430 (full 77):
 PSYoungGen      total 6656K, used 6384K [0x00000000eab00000, 0x00000000eb500000, 0x0000000100000000)
  eden space 4096K, 100% used [0x00000000eab00000,0x00000000eaf00000,0x00000000eaf00000)
  from space 2560K, 89% used [0x00000000eb280000,0x00000000eb4bc320,0x00000000eb500000)
  to   space 2560K, 0% used [0x00000000eb000000,0x00000000eb000000,0x00000000eb280000)
 ParOldGen       total 136192K, used 110461K [0x00000000c0000000, 0x00000000c8500000, 0x00000000eab00000)
  object space 136192K, 81% used [0x00000000c0000000,0x00000000c6bdf718,0x00000000c8500000)
 Metaspace       used 90689K, committed 92160K, reserved 1179648K
  class space    used 8883K, committed 9536K, reserved 1048576K
}
Event: 112213.526 GC heap after
{Heap after GC invocations=7430 (full 77):
 PSYoungGen      total 6656K, used 2128K [0x00000000eab00000, 0x00000000eb400000, 0x0000000100000000)
  eden space 4096K, 0% used [0x00000000eab00000,0x00000000eab00000,0x00000000eaf00000)
  from space 2560K, 83% used [0x00000000eb000000,0x00000000eb214320,0x00000000eb280000)
  to   space 1536K, 0% used [0x00000000eb280000,0x00000000eb280000,0x00000000eb400000)
 ParOldGen       total 136192K, used 110930K [0x00000000c0000000, 0x00000000c8500000, 0x00000000eab00000)
  object space 136192K, 81% used [0x00000000c0000000,0x00000000c6c54a60,0x00000000c8500000)
 Metaspace       used 90689K, committed 92160K, reserved 1179648K
  class space    used 8883K, committed 9536K, reserved 1048576K
}
Event: 112298.459 GC heap before
{Heap before GC invocations=7431 (full 77):
 PSYoungGen      total 6656K, used 6224K [0x00000000eab00000, 0x00000000eb400000, 0x0000000100000000)
  eden space 4096K, 100% used [0x00000000eab00000,0x00000000eaf00000,0x00000000eaf00000)
  from space 2560K, 83% used [0x00000000eb000000,0x00000000eb214320,0x00000000eb280000)
  to   space 1536K, 0% used [0x00000000eb280000,0x00000000eb280000,0x00000000eb400000)
 ParOldGen       total 136192K, used 110930K [0x00000000c0000000, 0x00000000c8500000, 0x00000000eab00000)
  object space 136192K, 81% used [0x00000000c0000000,0x00000000c6c54a60,0x00000000c8500000)
 Metaspace       used 90689K, committed 92160K, reserved 1179648K
  class space    used 8883K, committed 9536K, reserved 1048576K
}
Event: 112298.483 GC heap after
{Heap after GC invocations=7431 (full 77):
 PSYoungGen      total 5120K, used 864K [0x00000000eab00000, 0x00000000eb380000, 0x0000000100000000)
  eden space 4096K, 0% used [0x00000000eab00000,0x00000000eab00000,0x00000000eaf00000)
  from space 1024K, 84% used [0x00000000eb280000,0x00000000eb358020,0x00000000eb380000)
  to   space 1536K, 0% used [0x00000000eb080000,0x00000000eb080000,0x00000000eb200000)
 ParOldGen       total 136192K, used 110946K [0x00000000c0000000, 0x00000000c8500000, 0x00000000eab00000)
  object space 136192K, 81% used [0x00000000c0000000,0x00000000c6c58a60,0x00000000c8500000)
 Metaspace       used 90689K, committed 92160K, reserved 1179648K
  class space    used 8883K, committed 9536K, reserved 1048576K
}

Dll operation events (13 events):
Event: 0.075 Loaded shared library /run/flatpak/doc/35ebeff0/jdk-21-oracle-x64/lib/libjava.so
Event: 0.418 Loaded shared library /run/flatpak/doc/35ebeff0/jdk-21-oracle-x64/lib/libjsvml.so
Event: 0.755 Loaded shared library /run/flatpak/doc/35ebeff0/jdk-21-oracle-x64/lib/libzip.so
Event: 0.808 Loaded shared library /run/flatpak/doc/35ebeff0/jdk-21-oracle-x64/lib/libinstrument.so
Event: 0.827 Loaded shared library /run/flatpak/doc/35ebeff0/jdk-21-oracle-x64/lib/libnio.so
Event: 0.854 Loaded shared library /run/flatpak/doc/35ebeff0/jdk-21-oracle-x64/lib/libzip.so
Event: 0.954 Loaded shared library /run/flatpak/doc/35ebeff0/jdk-21-oracle-x64/lib/libjimage.so
Event: 1.574 Loaded shared library /run/flatpak/doc/35ebeff0/jdk-21-oracle-x64/lib/libverify.so
Event: 7.020 Loaded shared library /run/flatpak/doc/35ebeff0/jdk-21-oracle-x64/lib/libnet.so
Event: 9.458 Loaded shared library /home/crispyduck/.var/app/com.visualstudio.code/config/Code/User/globalStorage/redhat.java/1.36.0/config_linux/org.eclipse.equinox.launcher/org.eclipse.equinox.launcher.gtk.linux.x86_64_1.2.1200.v20240924-2302/eclipse_11905.so
Event: 17.793 Loaded shared library /run/flatpak/doc/35ebeff0/jdk-21-oracle-x64/lib/libmanagement.so
Event: 17.805 Loaded shared library /run/flatpak/doc/35ebeff0/jdk-21-oracle-x64/lib/libmanagement_ext.so
Event: 38.181 Loaded shared library /run/flatpak/doc/35ebeff0/jdk-21-oracle-x64/lib/libextnet.so

Deoptimization events (20 events):
Event: 112104.890 Thread 0x00007f95f80219a0 Uncommon trap: trap_request=0xffffffc6 fr.pc=0x00007f96dc965ddc relative=0x000000000000047c
Event: 112104.890 Thread 0x00007f95f80219a0 Uncommon trap: reason=bimorphic_or_optimized_type_check action=maybe_recompile pc=0x00007f96dc965ddc method=java.util.Collections$UnmodifiableCollection.contains(Ljava/lang/Object;)Z @ 5 c2
Event: 112104.890 Thread 0x00007f95f80219a0 DEOPT PACKING pc=0x00007f96dc965ddc sp=0x00007f968d4fa320
Event: 112104.890 Thread 0x00007f95f80219a0 DEOPT UNPACKING pc=0x00007f96dc0c3399 sp=0x00007f968d4fa2e8 mode 2
Event: 112104.890 Thread 0x00007f95f80219a0 Uncommon trap: trap_request=0xffffffc6 fr.pc=0x00007f96dc965ddc relative=0x000000000000047c
Event: 112104.890 Thread 0x00007f95f80219a0 Uncommon trap: reason=bimorphic_or_optimized_type_check action=maybe_recompile pc=0x00007f96dc965ddc method=java.util.Collections$UnmodifiableCollection.contains(Ljava/lang/Object;)Z @ 5 c2
Event: 112104.890 Thread 0x00007f95f80219a0 DEOPT PACKING pc=0x00007f96dc965ddc sp=0x00007f968d4fa410
Event: 112104.890 Thread 0x00007f95f80219a0 DEOPT UNPACKING pc=0x00007f96dc0c3399 sp=0x00007f968d4fa3d8 mode 2
Event: 112104.975 Thread 0x00007f95e4231370 Uncommon trap: trap_request=0xffffffde fr.pc=0x00007f96dda8c5a8 relative=0x0000000000000088
Event: 112104.975 Thread 0x00007f95e4231370 Uncommon trap: reason=class_check action=maybe_recompile pc=0x00007f96dda8c5a8 method=com.google.gson.internal.bind.MapTypeAdapterFactory$Adapter.write(Lcom/google/gson/stream/JsonWriter;Ljava/lang/Object;)V @ 3 c2
Event: 112104.975 Thread 0x00007f95e4231370 DEOPT PACKING pc=0x00007f96dda8c5a8 sp=0x00007f968caf9fb0
Event: 112104.975 Thread 0x00007f95e4231370 DEOPT UNPACKING pc=0x00007f96dc0c3399 sp=0x00007f968caf9f48 mode 2
Event: 112105.675 Thread 0x00007f95f80219a0 Uncommon trap: trap_request=0xffffff45 fr.pc=0x00007f96dd6d0e54 relative=0x0000000000000634
Event: 112105.675 Thread 0x00007f95f80219a0 Uncommon trap: reason=unstable_if action=reinterpret pc=0x00007f96dd6d0e54 method=java.util.concurrent.ForkJoinPool$WorkQueue.nextLocalTask(I)Ljava/util/concurrent/ForkJoinTask; @ 30 c2
Event: 112105.675 Thread 0x00007f95f80219a0 DEOPT PACKING pc=0x00007f96dd6d0e54 sp=0x00007f968d4fa8c0
Event: 112105.675 Thread 0x00007f95f80219a0 DEOPT UNPACKING pc=0x00007f96dc0c3399 sp=0x00007f968d4fa718 mode 2
Event: 112158.439 Thread 0x00007f961000d660 DEOPT PACKING pc=0x00007f96d76bba74 sp=0x00007f95cba37860
Event: 112158.439 Thread 0x00007f961000d660 DEOPT UNPACKING pc=0x00007f96dc0c3b2f sp=0x00007f95cba36df8 mode 0
Event: 112158.439 Thread 0x00007f95bc265350 DEOPT PACKING pc=0x00007f96d76bba74 sp=0x00007f968c9fa860
Event: 112158.439 Thread 0x00007f95bc265350 DEOPT UNPACKING pc=0x00007f96dc0c3b2f sp=0x00007f968c9f9df8 mode 0

Classes loaded (20 events):
Event: 112098.752 Loading class java/util/stream/SliceOps$1 done
Event: 112098.770 Loading class java/util/stream/SliceOps$1$1
Event: 112098.771 Loading class java/util/stream/SliceOps$1$1 done
Event: 112098.811 Loading class java/util/concurrent/CompletableFuture$UniWhenComplete
Event: 112098.819 Loading class java/util/concurrent/CompletableFuture$UniWhenComplete done
Event: 112098.820 Loading class java/util/concurrent/CompletableFuture$UniCompose
Event: 112098.821 Loading class java/util/concurrent/CompletableFuture$UniCompose done
Event: 112098.822 Loading class java/util/concurrent/CompletableFuture$UniRelay
Event: 112098.823 Loading class java/util/concurrent/CompletableFuture$UniRelay done
Event: 112099.455 Loading class java/util/concurrent/ScheduledThreadPoolExecutor$DelayedWorkQueue$Itr
Event: 112099.456 Loading class java/util/concurrent/ScheduledThreadPoolExecutor$DelayedWorkQueue$Itr done
Event: 112100.362 Loading class java/util/stream/Streams$RangeIntSpliterator
Event: 112100.363 Loading class java/util/stream/Streams$RangeIntSpliterator done
Event: 112100.369 Loading class java/lang/ProcessHandleImpl$ExitCompletion
Event: 112100.370 Loading class java/lang/ProcessHandleImpl$ExitCompletion done
Event: 112100.370 Loading class java/lang/ProcessHandleImpl$1
Event: 112100.371 Loading class java/lang/ProcessHandleImpl$1 done
Event: 112100.381 Loading class java/util/concurrent/CompletableFuture$UniHandle
Event: 112100.382 Loading class java/util/concurrent/CompletableFuture$UniHandle done
Event: 112303.840 Loading class jdk/internal/misc/Signal$1

Classes unloaded (20 events):
Event: 111957.840 Thread 0x00007f96ec170890 Unloading class 0x00007f96908d6800 'java/lang/invoke/LambdaForm$MH+0x00007f96908d6800'
Event: 111957.840 Thread 0x00007f96ec170890 Unloading class 0x00007f96908d6000 'java/lang/invoke/LambdaForm$MH+0x00007f96908d6000'
Event: 111957.840 Thread 0x00007f96ec170890 Unloading class 0x00007f96908d5c00 'java/lang/invoke/LambdaForm$MH+0x00007f96908d5c00'
Event: 111957.840 Thread 0x00007f96ec170890 Unloading class 0x00007f96908d5800 'java/lang/invoke/LambdaForm$MH+0x00007f96908d5800'
Event: 111957.840 Thread 0x00007f96ec170890 Unloading class 0x00007f96908d5000 'java/lang/invoke/LambdaForm$MH+0x00007f96908d5000'
Event: 111957.840 Thread 0x00007f96ec170890 Unloading class 0x00007f96908d4c00 'java/lang/invoke/LambdaForm$MH+0x00007f96908d4c00'
Event: 111957.840 Thread 0x00007f96ec170890 Unloading class 0x00007f96908d4400 'java/lang/invoke/LambdaForm$MH+0x00007f96908d4400'
Event: 111957.840 Thread 0x00007f96ec170890 Unloading class 0x00007f9690004800 'java/lang/invoke/LambdaForm$MH+0x00007f9690004800'
Event: 111957.840 Thread 0x00007f96ec170890 Unloading class 0x00007f9690005c00 'java/lang/invoke/LambdaForm$MH+0x00007f9690005c00'
Event: 111957.840 Thread 0x00007f96ec170890 Unloading class 0x00007f9690006400 'java/lang/invoke/LambdaForm$MH+0x00007f9690006400'
Event: 111957.840 Thread 0x00007f96ec170890 Unloading class 0x00007f9690008400 'java/lang/invoke/LambdaForm$MH+0x00007f9690008400'
Event: 111957.840 Thread 0x00007f96ec170890 Unloading class 0x00007f969000c000 'java/lang/invoke/LambdaForm$MH+0x00007f969000c000'
Event: 111957.840 Thread 0x00007f96ec170890 Unloading class 0x00007f9690019c00 'java/lang/invoke/LambdaForm$MH+0x00007f9690019c00'
Event: 111957.840 Thread 0x00007f96ec170890 Unloading class 0x00007f969001c000 'java/lang/invoke/LambdaForm$MH+0x00007f969001c000'
Event: 111957.840 Thread 0x00007f96ec170890 Unloading class 0x00007f969008e000 'java/lang/invoke/LambdaForm$MH+0x00007f969008e000'
Event: 111957.840 Thread 0x00007f96ec170890 Unloading class 0x00007f96900a9000 'java/lang/invoke/LambdaForm$MH+0x00007f96900a9000'
Event: 111957.840 Thread 0x00007f96ec170890 Unloading class 0x00007f9690166000 'java/lang/invoke/LambdaForm$MH+0x00007f9690166000'
Event: 111957.840 Thread 0x00007f96ec170890 Unloading class 0x00007f9690175000 'java/lang/invoke/LambdaForm$MH+0x00007f9690175000'
Event: 111957.840 Thread 0x00007f96ec170890 Unloading class 0x00007f96901c8400 'java/lang/invoke/LambdaForm$MH+0x00007f96901c8400'
Event: 111957.840 Thread 0x00007f96ec170890 Unloading class 0x00007f9690605000 'java/lang/invoke/LambdaForm$BMH+0x00007f9690605000'

Classes redefined (0 events):
No events

Internal exceptions (20 events):
Event: 112045.550 Thread 0x00007f960c8feee0 Exception <a 'java/lang/ClassNotFoundException'{0x00000000eac6df00}: sun/net/www/protocol/jdt/Handler> (0x00000000eac6df00) 
thrown [open/src/hotspot/share/classfile/systemDictionary.cpp, line 312]
Event: 112071.904 Thread 0x00007f96409d2aa0 Exception <a 'sun/nio/fs/UnixException'{0x00000000eac4a1e0}> (0x00000000eac4a1e0) 
thrown [open/src/hotspot/share/prims/jni.cpp, line 520]
Event: 112072.640 Thread 0x00007f96409d2aa0 Exception <a 'sun/nio/fs/UnixException'{0x00000000eab201d0}> (0x00000000eab201d0) 
thrown [open/src/hotspot/share/prims/jni.cpp, line 520]
Event: 112076.033 Thread 0x00007f960c162b50 Implicit null exception at 0x00007f96dca88b00 to 0x00007f96dca89600
Event: 112077.862 Thread 0x00007f96409d2aa0 Exception <a 'sun/nio/fs/UnixException'{0x00000000eafdeed8}> (0x00000000eafdeed8) 
thrown [open/src/hotspot/share/prims/jni.cpp, line 520]
Event: 112078.109 Thread 0x00007f96409d2aa0 Exception <a 'sun/nio/fs/UnixException'{0x00000000eac9f050}> (0x00000000eac9f050) 
thrown [open/src/hotspot/share/prims/jni.cpp, line 520]
Event: 112079.088 Thread 0x00007f95f801d010 Implicit null exception at 0x00007f96dca7a6d5 to 0x00007f96dca7aff4
Event: 112097.210 Thread 0x00007f96409d2aa0 Exception <a 'sun/nio/fs/UnixException'{0x00000000eb137990}> (0x00000000eb137990) 
thrown [open/src/hotspot/share/prims/jni.cpp, line 520]
Event: 112097.381 Thread 0x00007f96409d2aa0 Exception <a 'sun/nio/fs/UnixException'{0x00000000eb1ae058}> (0x00000000eb1ae058) 
thrown [open/src/hotspot/share/prims/jni.cpp, line 520]
Event: 112097.907 Thread 0x00007f96141073d0 Exception <a 'java/lang/NoSuchMethodError'{0x00000000eb0c8488}: 'void java.lang.invoke.DelegatingMethodHandle$Holder.reinvoke_L(java.lang.Object, java.lang.Object, int)'> (0x00000000eb0c8488) 
thrown [open/src/hotspot/share/interpreter/linkResolver.cpp, line 772]
Event: 112098.206 Thread 0x00007f9600000e20 Exception <a 'java/io/FileNotFoundException'{0x00000000eaf1dbf0}> (0x00000000eaf1dbf0) 
thrown [open/src/hotspot/share/prims/jni.cpp, line 520]
Event: 112098.574 Thread 0x00007f9600000e20 Exception <a 'java/lang/NoSuchMethodError'{0x00000000ead8e200}: 'java.lang.Object java.lang.invoke.DirectMethodHandle$Holder.invokeVirtual(java.lang.Object, java.lang.Object, java.lang.Object, java.lang.Object)'> (0x00000000ead8e200) 
thrown [open/src/hotspot/share/interpreter/linkResolver.cpp, line 772]
Event: 112098.704 Thread 0x00007f95e4231370 Exception <a 'java/lang/NoSuchMethodError'{0x00000000eb183fa8}: 'java.lang.Object java.lang.invoke.DirectMethodHandle$Holder.invokeStatic(java.lang.Object, long, java.lang.Object, java.lang.Object)'> (0x00000000eb183fa8) 
thrown [open/src/hotspot/share/interpreter/linkResolver.cpp, line 772]
Event: 112098.715 Thread 0x00007f95e4231370 Implicit null exception at 0x00007f96dc7ae060 to 0x00007f96dc7ae890
Event: 112099.480 Thread 0x00007f96ec5ee720 Exception <a 'java/lang/IncompatibleClassChangeError'{0x00000000eb282810}: Found class java.lang.Object, but interface was expected> (0x00000000eb282810) 
thrown [open/src/hotspot/share/interpreter/linkResolver.cpp, line 840]
Event: 112100.313 Thread 0x00007f95e4232b20 Exception <a 'java/lang/NoSuchMethodError'{0x00000000eb29e0d8}: 'long java.lang.invoke.DelegatingMethodHandle$Holder.reinvoke_L(java.lang.Object, java.lang.Object)'> (0x00000000eb29e0d8) 
thrown [open/src/hotspot/share/interpreter/linkResolver.cpp, line 772]
Event: 112100.315 Thread 0x00007f95e4232b20 Exception <a 'java/lang/NoSuchMethodError'{0x00000000eb2a8228}: 'void java.lang.invoke.DelegatingMethodHandle$Holder.reinvoke_L(java.lang.Object, java.lang.Object, long)'> (0x00000000eb2a8228) 
thrown [open/src/hotspot/share/interpreter/linkResolver.cpp, line 772]
Event: 112100.427 Thread 0x00007f95e4232b20 Exception <a 'java/lang/NoSuchMethodError'{0x00000000eab64588}: 'long java.lang.invoke.Invokers$Holder.invokeExact_MT(java.lang.Object, java.lang.Object, java.lang.Object)'> (0x00000000eab64588) 
thrown [open/src/hotspot/share/interpreter/linkResolver.cpp, line 772]
Event: 112212.213 Thread 0x00007f960c162b50 Exception <a 'java/lang/ClassNotFoundException'{0x00000000eacbeb00}: sun/net/www/protocol/jdt/Handler> (0x00000000eacbeb00) 
thrown [open/src/hotspot/share/classfile/systemDictionary.cpp, line 312]
Event: 112212.217 Thread 0x00007f960c162b50 Exception <a 'java/lang/ClassNotFoundException'{0x00000000eacc0fe8}: sun/net/www/protocol/jdt/Handler> (0x00000000eacc0fe8) 
thrown [open/src/hotspot/share/classfile/systemDictionary.cpp, line 312]

ZGC Phase Switch (0 events):
No events

VM Operations (20 events):
Event: 112212.671 Executing VM operation: ParallelGCFailedAllocation (Allocation Failure)
Event: 112212.677 Executing VM operation: ParallelGCFailedAllocation (Allocation Failure) done
Event: 112212.698 Executing VM operation: ParallelGCFailedAllocation (Allocation Failure)
Event: 112212.702 Executing VM operation: ParallelGCFailedAllocation (Allocation Failure) done
Event: 112212.723 Executing VM operation: ParallelGCFailedAllocation (Allocation Failure)
Event: 112212.729 Executing VM operation: ParallelGCFailedAllocation (Allocation Failure) done
Event: 112213.483 Executing VM operation: ParallelGCFailedAllocation (Allocation Failure)
Event: 112213.491 Executing VM operation: ParallelGCFailedAllocation (Allocation Failure) done
Event: 112213.520 Executing VM operation: ParallelGCFailedAllocation (Allocation Failure)
Event: 112213.526 Executing VM operation: ParallelGCFailedAllocation (Allocation Failure) done
Event: 112257.118 Executing VM operation: HandshakeAllThreads (HandshakeForDeflation)
Event: 112257.118 Executing VM operation: HandshakeAllThreads (HandshakeForDeflation) done
Event: 112257.118 Executing VM operation: RendezvousGCThreads
Event: 112257.118 Executing VM operation: RendezvousGCThreads done
Event: 112298.459 Executing VM operation: ParallelGCFailedAllocation (Allocation Failure)
Event: 112298.483 Executing VM operation: ParallelGCFailedAllocation (Allocation Failure) done
Event: 112299.483 Executing VM operation: Cleanup
Event: 112299.484 Executing VM operation: Cleanup done
Event: 112302.484 Executing VM operation: Cleanup
Event: 112302.484 Executing VM operation: Cleanup done

Events (20 events):
Event: 112191.410 Thread 0x00007f96ec170890 flushing nmethod 0x00007f96dd3b7890
Event: 112191.410 Thread 0x00007f96ec170890 flushing nmethod 0x00007f96dd3b0190
Event: 112191.410 Thread 0x00007f96ec170890 flushing nmethod 0x00007f96dd344090
Event: 112191.410 Thread 0x00007f96ec170890 flushing nmethod 0x00007f96dd0ec210
Event: 112191.410 Thread 0x00007f96ec170890 flushing nmethod 0x00007f96dccddc90
Event: 112191.410 Thread 0x00007f96ec170890 flushing nmethod 0x00007f96dcaca090
Event: 112191.410 Thread 0x00007f96ec170890 flushing nmethod 0x00007f96dca88290
Event: 112191.410 Thread 0x00007f96ec170890 flushing nmethod 0x00007f96dca35710
Event: 112191.410 Thread 0x00007f96ec170890 flushing nmethod 0x00007f96dc9ead90
Event: 112191.410 Thread 0x00007f96ec170890 flushing nmethod 0x00007f96dc861a10
Event: 112191.410 Thread 0x00007f96ec170890 flushing nmethod 0x00007f96dc805a90
Event: 112191.410 Thread 0x00007f96ec170890 flushing nmethod 0x00007f96dc7bd910
Event: 112191.410 Thread 0x00007f96ec170890 flushing nmethod 0x00007f96dc740b90
Event: 112212.234 Thread 0x00007f96681e7650 Thread added: 0x00007f96681e7650
Event: 112212.236 Protecting memory [0x00007f968d4fc000,0x00007f968d500000] with protection modes 0
Event: 112212.265 Thread 0x00007f96685b98c0 Thread added: 0x00007f96685b98c0
Event: 112212.268 Protecting memory [0x00007f95cb939000,0x00007f95cb93d000] with protection modes 0
Event: 112212.631 Thread 0x00007f96685b98c0 Thread exited: 0x00007f96685b98c0
Event: 112212.631 Thread 0x00007f96681e7650 Thread exited: 0x00007f96681e7650
Event: 112273.545 Thread 0x00007f960c8feee0 Thread exited: 0x00007f960c8feee0


Dynamic libraries:
c0000000-c8500000 rw-p 00000000 00:00 0 
c8500000-eab00000 ---p 00000000 00:00 0 
eab00000-eb380000 rw-p 00000000 00:00 0 
eb380000-100000000 ---p 00000000 00:00 0 
56057de3b000-56057de3c000 r-xp 00000000 00:34 8650986655776997167        /run/flatpak/doc/35ebeff0/jdk-21-oracle-x64/bin/java
56057de3d000-56057de3e000 r--p 00001000 00:34 8650986655776997167        /run/flatpak/doc/35ebeff0/jdk-21-oracle-x64/bin/java
56057de3e000-56057de3f000 rw-p 00002000 00:34 8650986655776997167        /run/flatpak/doc/35ebeff0/jdk-21-oracle-x64/bin/java
56058824e000-560588295000 rw-p 00000000 00:00 0                          [heap]
7f9598000000-7f9598021000 rw-p 00000000 00:00 0 
7f9598021000-7f959c000000 ---p 00000000 00:00 0 
7f959c000000-7f959c021000 rw-p 00000000 00:00 0 
7f959c021000-7f95a0000000 ---p 00000000 00:00 0 
7f95a0000000-7f95a0021000 rw-p 00000000 00:00 0 
7f95a0021000-7f95a4000000 ---p 00000000 00:00 0 
7f95a4000000-7f95a4067000 rw-p 00000000 00:00 0 
7f95a4067000-7f95a8000000 ---p 00000000 00:00 0 
7f95a8000000-7f95a8021000 rw-p 00000000 00:00 0 
7f95a8021000-7f95ac000000 ---p 00000000 00:00 0 
7f95ac000000-7f95ac724000 rw-p 00000000 00:00 0 
7f95ac724000-7f95b0000000 ---p 00000000 00:00 0 
7f95b0000000-7f95b0100000 rw-p 00000000 00:00 0 
7f95b0100000-7f95b01a0000 rw-p 00000000 00:00 0 
7f95b01a0000-7f95b0200000 ---p 00000000 00:00 0 
7f95b0200000-7f95b1110000 rw-p 00000000 00:00 0 
7f95b1110000-7f95b4000000 ---p 00000000 00:00 0 
7f95b4000000-7f95b5a3a000 rw-p 00000000 00:00 0 
7f95b5a3a000-7f95b8000000 ---p 00000000 00:00 0 
7f95b8000000-7f95b8971000 rw-p 00000000 00:00 0 
7f95b8971000-7f95bc000000 ---p 00000000 00:00 0 
7f95bc000000-7f95bd5c0000 rw-p 00000000 00:00 0 
7f95bd5c0000-7f95c0000000 ---p 00000000 00:00 0 
7f95c0000000-7f95c152d000 rw-p 00000000 00:00 0 
7f95c152d000-7f95c4000000 ---p 00000000 00:00 0 
7f95c4000000-7f95c5303000 rw-p 00000000 00:00 0 
7f95c5303000-7f95c8000000 ---p 00000000 00:00 0 
7f95cb339000-7f95cb33d000 ---p 00000000 00:00 0 
7f95cb33d000-7f95cb439000 rw-p 00000000 00:00 0 
7f95cb439000-7f95cb43d000 ---p 00000000 00:00 0 
7f95cb43d000-7f95cb539000 rw-p 00000000 00:00 0 
7f95cb539000-7f95cb53d000 ---p 00000000 00:00 0 
7f95cb53d000-7f95cb639000 rw-p 00000000 00:00 0 
7f95cb639000-7f95cb63d000 ---p 00000000 00:00 0 
7f95cb63d000-7f95cb739000 rw-p 00000000 00:00 0 
7f95cb739000-7f95cb73d000 ---p 00000000 00:00 0 
7f95cb73d000-7f95cb839000 rw-p 00000000 00:00 0 
7f95cb839000-7f95cb83d000 ---p 00000000 00:00 0 
7f95cb83d000-7f95cb939000 rw-p 00000000 00:00 0 
7f95cb939000-7f95cb93d000 ---p 00000000 00:00 0 
7f95cb93d000-7f95cba39000 rw-p 00000000 00:00 0 
7f95cba39000-7f95cba3d000 ---p 00000000 00:00 0 
7f95cba3d000-7f95cbb39000 rw-p 00000000 00:00 0 
7f95cbb39000-7f95d4000000 r--s 00000000 00:34 9595644140960882261        /run/flatpak/doc/35ebeff0/jdk-21-oracle-x64/lib/modules
7f95d4000000-7f95d57ad000 rw-p 00000000 00:00 0 
7f95d57ad000-7f95d8000000 ---p 00000000 00:00 0 
7f95d8000000-7f95d9295000 rw-p 00000000 00:00 0 
7f95d9295000-7f95dc000000 ---p 00000000 00:00 0 
7f95dc000000-7f95dca93000 rw-p 00000000 00:00 0 
7f95dca93000-7f95e0000000 ---p 00000000 00:00 0 
7f95e0000000-7f95e0e88000 rw-p 00000000 00:00 0 
7f95e0e88000-7f95e4000000 ---p 00000000 00:00 0 
7f95e4000000-7f95e4262000 rw-p 00000000 00:00 0 
7f95e4262000-7f95e8000000 ---p 00000000 00:00 0 
7f95e8000000-7f95e8021000 rw-p 00000000 00:00 0 
7f95e8021000-7f95ec000000 ---p 00000000 00:00 0 
7f95ec000000-7f95eca9a000 rw-p 00000000 00:00 0 
7f95eca9a000-7f95f0000000 ---p 00000000 00:00 0 
7f95f0000000-7f95f1eb4000 rw-p 00000000 00:00 0 
7f95f1eb4000-7f95f4000000 ---p 00000000 00:00 0 
7f95f4000000-7f95f48fc000 rw-p 00000000 00:00 0 
7f95f48fc000-7f95f8000000 ---p 00000000 00:00 0 
7f95f8000000-7f95f8b01000 rw-p 00000000 00:00 0 
7f95f8b01000-7f95fc000000 ---p 00000000 00:00 0 
7f95fc000000-7f95fc48d000 rw-p 00000000 00:00 0 
7f95fc48d000-7f9600000000 ---p 00000000 00:00 0 
7f9600000000-7f9600021000 rw-p 00000000 00:00 0 
7f9600021000-7f9604000000 ---p 00000000 00:00 0 
7f9604000000-7f9604021000 rw-p 00000000 00:00 0 
7f9604021000-7f9608000000 ---p 00000000 00:00 0 
7f9608000000-7f9608021000 rw-p 00000000 00:00 0 
7f9608021000-7f960c000000 ---p 00000000 00:00 0 
7f960c000000-7f960dc9f000 rw-p 00000000 00:00 0 
7f960dc9f000-7f9610000000 ---p 00000000 00:00 0 
7f9610000000-7f9610065000 rw-p 00000000 00:00 0 
7f9610065000-7f9614000000 ---p 00000000 00:00 0 
7f9614000000-7f961468d000 rw-p 00000000 00:00 0 
7f961468d000-7f9618000000 ---p 00000000 00:00 0 
7f9618000000-7f9618488000 rw-p 00000000 00:00 0 
7f9618488000-7f961c000000 ---p 00000000 00:00 0 
7f961c000000-7f961c021000 rw-p 00000000 00:00 0 
7f961c021000-7f9620000000 ---p 00000000 00:00 0 
7f9620000000-7f9620cdc000 rw-p 00000000 00:00 0 
7f9620cdc000-7f9624000000 ---p 00000000 00:00 0 
7f9624000000-7f96240d0000 rw-p 00000000 00:00 0 
7f96240d0000-7f9628000000 ---p 00000000 00:00 0 
7f9628000000-7f96280d2000 rw-p 00000000 00:00 0 
7f96280d2000-7f962c000000 ---p 00000000 00:00 0 
7f962c000000-7f962c021000 rw-p 00000000 00:00 0 
7f962c021000-7f9630000000 ---p 00000000 00:00 0 
7f9630000000-7f9631c80000 rw-p 00000000 00:00 0 
7f9631c80000-7f9634000000 ---p 00000000 00:00 0 
7f9634000000-7f9634021000 rw-p 00000000 00:00 0 
7f9634021000-7f9638000000 ---p 00000000 00:00 0 
7f9638000000-7f9638021000 rw-p 00000000 00:00 0 
7f9638021000-7f963c000000 ---p 00000000 00:00 0 
7f963c000000-7f963c021000 rw-p 00000000 00:00 0 
7f963c021000-7f9640000000 ---p 00000000 00:00 0 
7f9640000000-7f9640b03000 rw-p 00000000 00:00 0 
7f9640b03000-7f9644000000 ---p 00000000 00:00 0 
7f9644000000-7f9644259000 rw-p 00000000 00:00 0 
7f9644259000-7f9648000000 ---p 00000000 00:00 0 
7f9648000000-7f9648021000 rw-p 00000000 00:00 0 
7f9648021000-7f964c000000 ---p 00000000 00:00 0 
7f964c000000-7f964c024000 rw-p 00000000 00:00 0 
7f964c024000-7f9650000000 ---p 00000000 00:00 0 
7f9650000000-7f9650216000 rw-p 00000000 00:00 0 
7f9650216000-7f9654000000 ---p 00000000 00:00 0 
7f9654000000-7f9654320000 rw-p 00000000 00:00 0 
7f9654320000-7f9658000000 ---p 00000000 00:00 0 
7f9658000000-7f96580da000 rw-p 00000000 00:00 0 
7f96580da000-7f965c000000 ---p 00000000 00:00 0 
7f965c000000-7f965c021000 rw-p 00000000 00:00 0 
7f965c021000-7f9660000000 ---p 00000000 00:00 0 
7f9660000000-7f9660021000 rw-p 00000000 00:00 0 
7f9660021000-7f9664000000 ---p 00000000 00:00 0 
7f9664000000-7f9666a28000 rw-p 00000000 00:00 0 
7f9666a28000-7f9668000000 ---p 00000000 00:00 0 
7f9668000000-7f96692c1000 rw-p 00000000 00:00 0 
7f96692c1000-7f966c000000 ---p 00000000 00:00 0 
7f966c000000-7f966c021000 rw-p 00000000 00:00 0 
7f966c021000-7f9670000000 ---p 00000000 00:00 0 
7f9670000000-7f9670021000 rw-p 00000000 00:00 0 
7f9670021000-7f9674000000 ---p 00000000 00:00 0 
7f9674000000-7f9674021000 rw-p 00000000 00:00 0 
7f9674021000-7f9678000000 ---p 00000000 00:00 0 
7f9678000000-7f9678027000 rw-p 00000000 00:00 0 
7f9678027000-7f967c000000 ---p 00000000 00:00 0 
7f967c000000-7f967c021000 rw-p 00000000 00:00 0 
7f967c021000-7f9680000000 ---p 00000000 00:00 0 
7f9680000000-7f9680021000 rw-p 00000000 00:00 0 
7f9680021000-7f9684000000 ---p 00000000 00:00 0 
7f9684000000-7f9684400000 rw-p 00000000 00:00 0 
7f9684400000-7f9684780000 rw-p 00000000 00:00 0 
7f9684780000-7f9684800000 rw-p 00000000 00:00 0 
7f9684800000-7f9684900000 rw-p 00000000 00:00 0 
7f9684900000-7f9684a00000 rw-p 00000000 00:00 0 
7f9684a00000-7f9684b00000 rw-p 00000000 00:00 0 
7f9684b00000-7f9684c00000 rw-p 00000000 00:00 0 
7f9684c00000-7f9685200000 rw-p 00000000 00:00 0 
7f9685200000-7f9685b00000 rw-p 00000000 00:00 0 
7f9685b00000-7f9685c00000 rw-p 00000000 00:00 0 
7f9685c00000-7f9685d00000 rw-p 00000000 00:00 0 
7f9685d00000-7f9685e00000 rw-p 00000000 00:00 0 
7f9685e00000-7f9686700000 rw-p 00000000 00:00 0 
7f9686700000-7f9686900000 rw-p 00000000 00:00 0 
7f9686900000-7f9686980000 rw-p 00000000 00:00 0 
7f9686980000-7f9686b00000 rw-p 00000000 00:00 0 
7f9686b00000-7f9686be0000 rw-p 00000000 00:00 0 
7f9686be0000-7f9686d00000 rw-p 00000000 00:00 0 
7f9686d00000-7f9687780000 rw-p 00000000 00:00 0 
7f9687780000-7f9687800000 rw-p 00000000 00:00 0 
7f9687800000-7f9688000000 rw-p 00000000 00:00 0 
7f9688000000-7f9688021000 rw-p 00000000 00:00 0 
7f9688021000-7f968c000000 ---p 00000000 00:00 0 
7f968c0fc000-7f968c100000 ---p 00000000 00:00 0 
7f968c100000-7f968c1fc000 rw-p 00000000 00:00 0 
7f968c1fc000-7f968c200000 ---p 00000000 00:00 0 
7f968c200000-7f968c2fc000 rw-p 00000000 00:00 0 
7f968c2fc000-7f968c300000 ---p 00000000 00:00 0 
7f968c300000-7f968c3fc000 rw-p 00000000 00:00 0 
7f968c3fc000-7f968c400000 ---p 00000000 00:00 0 
7f968c400000-7f968c4fc000 rw-p 00000000 00:00 0 
7f968c4fc000-7f968c500000 ---p 00000000 00:00 0 
7f968c500000-7f968c5fc000 rw-p 00000000 00:00 0 
7f968c5fc000-7f968c600000 ---p 00000000 00:00 0 
7f968c600000-7f968c6fc000 rw-p 00000000 00:00 0 
7f968c6fc000-7f968c700000 ---p 00000000 00:00 0 
7f968c700000-7f968c7fc000 rw-p 00000000 00:00 0 
7f968c7fc000-7f968c800000 ---p 00000000 00:00 0 
7f968c800000-7f968c8fc000 rw-p 00000000 00:00 0 
7f968c8fc000-7f968c900000 ---p 00000000 00:00 0 
7f968c900000-7f968c9fc000 rw-p 00000000 00:00 0 
7f968c9fc000-7f968ca00000 ---p 00000000 00:00 0 
7f968ca00000-7f968cafc000 rw-p 00000000 00:00 0 
7f968cafc000-7f968cb00000 ---p 00000000 00:00 0 
7f968cb00000-7f968cbfc000 rw-p 00000000 00:00 0 
7f968cbfc000-7f968cc00000 ---p 00000000 00:00 0 
7f968cc00000-7f968ccfc000 rw-p 00000000 00:00 0 
7f968ccfc000-7f968cd00000 ---p 00000000 00:00 0 
7f968cd00000-7f968cdfc000 rw-p 00000000 00:00 0 
7f968cdfc000-7f968ce00000 ---p 00000000 00:00 0 
7f968ce00000-7f968cefc000 rw-p 00000000 00:00 0 
7f968cefc000-7f968cf00000 ---p 00000000 00:00 0 
7f968cf00000-7f968cffc000 rw-p 00000000 00:00 0 
7f968cffc000-7f968d000000 ---p 00000000 00:00 0 
7f968d000000-7f968d0fc000 rw-p 00000000 00:00 0 
7f968d0fc000-7f968d100000 ---p 00000000 00:00 0 
7f968d100000-7f968d1fc000 rw-p 00000000 00:00 0 
7f968d1fc000-7f968d200000 ---p 00000000 00:00 0 
7f968d200000-7f968d2fc000 rw-p 00000000 00:00 0 
7f968d2fc000-7f968d300000 ---p 00000000 00:00 0 
7f968d300000-7f968d3fc000 rw-p 00000000 00:00 0 
7f968d3fc000-7f968d400000 ---p 00000000 00:00 0 
7f968d400000-7f968d4fc000 rw-p 00000000 00:00 0 
7f968d4fc000-7f968d500000 ---p 00000000 00:00 0 
7f968d500000-7f968d5fc000 rw-p 00000000 00:00 0 
7f968d5fc000-7f968d5fd000 ---p 00000000 00:00 0 
7f968d5fd000-7f968d6fd000 rw-p 00000000 00:00 0 
7f968d6fd000-7f968d6fe000 ---p 00000000 00:00 0 
7f968d6fe000-7f968d7fe000 rw-p 00000000 00:00 0 
7f968d7fe000-7f968d802000 ---p 00000000 00:00 0 
7f968d802000-7f968d8fe000 rw-p 00000000 00:00 0 
7f968d8fe000-7f968d902000 ---p 00000000 00:00 0 
7f968d902000-7f968d9fe000 rw-p 00000000 00:00 0 
7f968d9fe000-7f968d9ff000 ---p 00000000 00:00 0 
7f968d9ff000-7f968daff000 rw-p 00000000 00:00 0 
7f968daff000-7f968db03000 ---p 00000000 00:00 0 
7f968db03000-7f968dbff000 rw-p 00000000 00:00 0 
7f968dbff000-7f968dc00000 ---p 00000000 00:00 0 
7f968dc00000-7f968dd00000 rw-p 00000000 00:00 0 
7f968dd00000-7f968dd04000 ---p 00000000 00:00 0 
7f968dd04000-7f968de00000 rw-p 00000000 00:00 0 
7f968de00000-7f968de10000 r-xp 00000000 103:05 6713425                   /home/crispyduck/.var/app/com.visualstudio.code/config/Code/User/globalStorage/redhat.java/1.36.0/config_linux/org.eclipse.equinox.launcher/org.eclipse.equinox.launcher.gtk.linux.x86_64_1.2.1200.v20240924-2302/eclipse_11905.so
7f968de10000-7f968e010000 ---p 00010000 103:05 6713425                   /home/crispyduck/.var/app/com.visualstudio.code/config/Code/User/globalStorage/redhat.java/1.36.0/config_linux/org.eclipse.equinox.launcher/org.eclipse.equinox.launcher.gtk.linux.x86_64_1.2.1200.v20240924-2302/eclipse_11905.so
7f968e010000-7f968e011000 r--p 00010000 103:05 6713425                   /home/crispyduck/.var/app/com.visualstudio.code/config/Code/User/globalStorage/redhat.java/1.36.0/config_linux/org.eclipse.equinox.launcher/org.eclipse.equinox.launcher.gtk.linux.x86_64_1.2.1200.v20240924-2302/eclipse_11905.so
7f968e011000-7f968e012000 rw-p 00011000 103:05 6713425                   /home/crispyduck/.var/app/com.visualstudio.code/config/Code/User/globalStorage/redhat.java/1.36.0/config_linux/org.eclipse.equinox.launcher/org.eclipse.equinox.launcher.gtk.linux.x86_64_1.2.1200.v20240924-2302/eclipse_11905.so
7f968e012000-7f968e013000 rw-p 00000000 00:00 0 
7f968e02d000-7f968e031000 ---p 00000000 00:00 0 
7f968e031000-7f968e12d000 rw-p 00000000 00:00 0 
7f968e12d000-7f968e131000 ---p 00000000 00:00 0 
7f968e131000-7f968e22d000 rw-p 00000000 00:00 0 
7f968e22d000-7f968e231000 ---p 00000000 00:00 0 
7f968e231000-7f968e32d000 rw-p 00000000 00:00 0 
7f968e32d000-7f968e32e000 ---p 00000000 00:00 0 
7f968e32e000-7f968e42e000 rw-p 00000000 00:00 0 
7f968e42e000-7f968e42f000 ---p 00000000 00:00 0 
7f968e42f000-7f968e52f000 rw-p 00000000 00:00 0 
7f968e52f000-7f968e530000 ---p 00000000 00:00 0 
7f968e530000-7f968e630000 rw-p 00000000 00:00 0 
7f968e630000-7f968e634000 ---p 00000000 00:00 0 
7f968e634000-7f968e730000 rw-p 00000000 00:00 0 
7f968e730000-7f968e734000 ---p 00000000 00:00 0 
7f968e734000-7f968e830000 rw-p 00000000 00:00 0 
7f968e830000-7f968e834000 ---p 00000000 00:00 0 
7f968e834000-7f968e930000 rw-p 00000000 00:00 0 
7f968e930000-7f968e9fe000 r-xp 00000000 00:34 18181812053473645440       /run/flatpak/doc/35ebeff0/jdk-21-oracle-x64/lib/libjsvml.so
7f968e9fe000-7f968e9ff000 r--p 000cd000 00:34 18181812053473645440       /run/flatpak/doc/35ebeff0/jdk-21-oracle-x64/lib/libjsvml.so
7f968e9ff000-7f968ea00000 rw-p 000ce000 00:34 18181812053473645440       /run/flatpak/doc/35ebeff0/jdk-21-oracle-x64/lib/libjsvml.so
7f968ea00000-7f968ea04000 ---p 00000000 00:00 0 
7f968ea04000-7f968eb00000 rw-p 00000000 00:00 0 
7f968eb00000-7f968eb04000 ---p 00000000 00:00 0 
7f968eb04000-7f968ec00000 rw-p 00000000 00:00 0 
7f968ec00000-7f968ec04000 ---p 00000000 00:00 0 
7f968ec04000-7f968ed00000 rw-p 00000000 00:00 0 
7f968ed00000-7f968ed04000 ---p 00000000 00:00 0 
7f968ed04000-7f968ee00000 rw-p 00000000 00:00 0 
7f968ee00000-7f968ee04000 ---p 00000000 00:00 0 
7f968ee04000-7f968ef00000 rw-p 00000000 00:00 0 
7f968ef00000-7f968ef04000 ---p 00000000 00:00 0 
7f968ef04000-7f968f000000 rw-p 00000000 00:00 0 
7f968f000000-7f968f488000 rw-p 00001000 00:34 10903722315253419418       /run/flatpak/doc/35ebeff0/jdk-21-oracle-x64/lib/server/classes.jsa
7f968f488000-7f968fcaa000 rw-p 00489000 00:34 10903722315253419418       /run/flatpak/doc/35ebeff0/jdk-21-oracle-x64/lib/server/classes.jsa
7f968fcaa000-7f9690000000 ---p 00000000 00:00 0 
7f9690000000-7f9690040000 rw-p 00000000 00:00 0 
7f9690040000-7f9690100000 rw-p 00000000 00:00 0 
7f9690100000-7f9690240000 rw-p 00000000 00:00 0 
7f9690240000-7f9690280000 rw-p 00000000 00:00 0 
7f9690280000-7f96904c0000 rw-p 00000000 00:00 0 
7f96904c0000-7f9690500000 rw-p 00000000 00:00 0 
7f9690500000-7f9690540000 rw-p 00000000 00:00 0 
7f9690540000-7f96905b0000 rw-p 00000000 00:00 0 
7f96905b0000-7f96905c0000 ---p 00000000 00:00 0 
7f96905c0000-7f9690960000 rw-p 00000000 00:00 0 
7f9690960000-7f96d0000000 ---p 00000000 00:00 0 
7f96d0000000-7f96d00d4000 rw-p 00000000 00:00 0 
7f96d00d4000-7f96d4000000 ---p 00000000 00:00 0 
7f96d4028000-7f96d402c000 ---p 00000000 00:00 0 
7f96d402c000-7f96d404a000 rw-p 00000000 00:00 0 
7f96d404a000-7f96d404e000 r--p 00000000 103:05 7772469                   /usr/lib/x86_64-linux-gnu/libgcc_s.so.1
7f96d404e000-7f96d4072000 r-xp 00004000 103:05 7772469                   /usr/lib/x86_64-linux-gnu/libgcc_s.so.1
7f96d4072000-7f96d4076000 r--p 00028000 103:05 7772469                   /usr/lib/x86_64-linux-gnu/libgcc_s.so.1
7f96d4076000-7f96d4077000 r--p 0002b000 103:05 7772469                   /usr/lib/x86_64-linux-gnu/libgcc_s.so.1
7f96d4077000-7f96d4078000 rw-p 0002c000 103:05 7772469                   /usr/lib/x86_64-linux-gnu/libgcc_s.so.1
7f96d4078000-7f96d407c000 r--p 00000000 103:05 164837                    /usr/lib/x86_64-linux-gnu/libnss_resolve.so.2
7f96d407c000-7f96d409c000 r-xp 00004000 103:05 164837                    /usr/lib/x86_64-linux-gnu/libnss_resolve.so.2
7f96d409c000-7f96d40a5000 r--p 00024000 103:05 164837                    /usr/lib/x86_64-linux-gnu/libnss_resolve.so.2
7f96d40a5000-7f96d40a6000 r--p 0002d000 103:05 164837                    /usr/lib/x86_64-linux-gnu/libnss_resolve.so.2
7f96d40a6000-7f96d40a7000 rw-p 0002e000 103:05 164837                    /usr/lib/x86_64-linux-gnu/libnss_resolve.so.2
7f96d40ba000-7f96d40be000 ---p 00000000 00:00 0 
7f96d40be000-7f96d41ba000 rw-p 00000000 00:00 0 
7f96d41ba000-7f96d4432000 r--p 00000000 103:05 7764176                   /usr/lib/locale/en_HK.utf8/LC_COLLATE
7f96d4432000-7f96d4433000 ---p 00000000 00:00 0 
7f96d4433000-7f96d4b39000 rw-p 00000000 00:00 0 
7f96d4b39000-7f96d77d9000 rwxp 00000000 00:00 0 
7f96d77d9000-7f96dc070000 ---p 00000000 00:00 0 
7f96dc070000-7f96dc2e0000 rwxp 00000000 00:00 0 
7f96dc2e0000-7f96dc602000 ---p 00000000 00:00 0 
7f96dc602000-7f96ddc32000 rwxp 00000000 00:00 0 
7f96ddc32000-7f96e3b39000 ---p 00000000 00:00 0 
7f96e3b39000-7f96ec000000 r--s 00000000 00:34 9595644140960882261        /run/flatpak/doc/35ebeff0/jdk-21-oracle-x64/lib/modules
7f96ec000000-7f96ec5f5000 rw-p 00000000 00:00 0 
7f96ec5f5000-7f96f0000000 ---p 00000000 00:00 0 
7f96f0001000-7f96f0003000 r-xp 00000000 00:34 4932275097303528492        /run/flatpak/doc/35ebeff0/jdk-21-oracle-x64/lib/libextnet.so
7f96f0003000-7f96f0004000 r--p 00001000 00:34 4932275097303528492        /run/flatpak/doc/35ebeff0/jdk-21-oracle-x64/lib/libextnet.so
7f96f0004000-7f96f0005000 rw-p 00002000 00:34 4932275097303528492        /run/flatpak/doc/35ebeff0/jdk-21-oracle-x64/lib/libextnet.so
7f96f0005000-7f96f0008000 r--p 00000000 103:05 158725                    /usr/lib/x86_64-linux-gnu/libcap.so.2.71
7f96f0008000-7f96f000e000 r-xp 00003000 103:05 158725                    /usr/lib/x86_64-linux-gnu/libcap.so.2.71
7f96f000e000-7f96f0010000 r--p 00009000 103:05 158725                    /usr/lib/x86_64-linux-gnu/libcap.so.2.71
7f96f0010000-7f96f0011000 r--p 0000a000 103:05 158725                    /usr/lib/x86_64-linux-gnu/libcap.so.2.71
7f96f0011000-7f96f0012000 rw-p 0000b000 103:05 158725                    /usr/lib/x86_64-linux-gnu/libcap.so.2.71
7f96f0012000-7f96f0017000 r-xp 00000000 00:34 7056419000560679916        /run/flatpak/doc/35ebeff0/jdk-21-oracle-x64/lib/libmanagement_ext.so
7f96f0017000-7f96f0018000 ---p 00005000 00:34 7056419000560679916        /run/flatpak/doc/35ebeff0/jdk-21-oracle-x64/lib/libmanagement_ext.so
7f96f0018000-7f96f0019000 r--p 00005000 00:34 7056419000560679916        /run/flatpak/doc/35ebeff0/jdk-21-oracle-x64/lib/libmanagement_ext.so
7f96f0019000-7f96f001a000 rw-p 00006000 00:34 7056419000560679916        /run/flatpak/doc/35ebeff0/jdk-21-oracle-x64/lib/libmanagement_ext.so
7f96f001a000-7f96f001e000 r-xp 00000000 00:34 13580133378338614572       /run/flatpak/doc/35ebeff0/jdk-21-oracle-x64/lib/libmanagement.so
7f96f001e000-7f96f001f000 r--p 00003000 00:34 13580133378338614572       /run/flatpak/doc/35ebeff0/jdk-21-oracle-x64/lib/libmanagement.so
7f96f001f000-7f96f0020000 rw-p 00004000 00:34 13580133378338614572       /run/flatpak/doc/35ebeff0/jdk-21-oracle-x64/lib/libmanagement.so
7f96f0020000-7f96f002d000 r-xp 00000000 00:34 10767472124178278141       /run/flatpak/doc/35ebeff0/jdk-21-oracle-x64/lib/libverify.so
7f96f002d000-7f96f002f000 r--p 0000c000 00:34 10767472124178278141       /run/flatpak/doc/35ebeff0/jdk-21-oracle-x64/lib/libverify.so
7f96f002f000-7f96f0030000 rw-p 0000e000 00:34 10767472124178278141       /run/flatpak/doc/35ebeff0/jdk-21-oracle-x64/lib/libverify.so
7f96f0030000-7f96f003c000 r-xp 00000000 00:34 9541887215603561144        /run/flatpak/doc/35ebeff0/jdk-21-oracle-x64/lib/libnet.so
7f96f003c000-7f96f003d000 r--p 0000b000 00:34 9541887215603561144        /run/flatpak/doc/35ebeff0/jdk-21-oracle-x64/lib/libnet.so
7f96f003d000-7f96f003e000 rw-p 0000c000 00:34 9541887215603561144        /run/flatpak/doc/35ebeff0/jdk-21-oracle-x64/lib/libnet.so
7f96f003e000-7f96f0051000 r-xp 00000000 00:34 5311192485284818341        /run/flatpak/doc/35ebeff0/jdk-21-oracle-x64/lib/libnio.so
7f96f0051000-7f96f0052000 ---p 00013000 00:34 5311192485284818341        /run/flatpak/doc/35ebeff0/jdk-21-oracle-x64/lib/libnio.so
7f96f0052000-7f96f0053000 r--p 00013000 00:34 5311192485284818341        /run/flatpak/doc/35ebeff0/jdk-21-oracle-x64/lib/libnio.so
7f96f0053000-7f96f0054000 rw-p 00014000 00:34 5311192485284818341        /run/flatpak/doc/35ebeff0/jdk-21-oracle-x64/lib/libnio.so
7f96f0054000-7f96f005b000 r-xp 00000000 00:34 10248301611440690449       /run/flatpak/doc/35ebeff0/jdk-21-oracle-x64/lib/libzip.so
7f96f005b000-7f96f005c000 ---p 00007000 00:34 10248301611440690449       /run/flatpak/doc/35ebeff0/jdk-21-oracle-x64/lib/libzip.so
7f96f005c000-7f96f005d000 r--p 00007000 00:34 10248301611440690449       /run/flatpak/doc/35ebeff0/jdk-21-oracle-x64/lib/libzip.so
7f96f005d000-7f96f005e000 rw-p 00008000 00:34 10248301611440690449       /run/flatpak/doc/35ebeff0/jdk-21-oracle-x64/lib/libzip.so
7f96f005e000-7f96f00b7000 r--p 00000000 103:05 7793251                   /usr/lib/locale/en_HK.utf8/LC_CTYPE
7f96f00b7000-7f96f00b8000 r--p 00000000 103:05 7750484                   /usr/lib/locale/en_HK.utf8/LC_NUMERIC
7f96f00b8000-7f96f00b9000 r--p 00000000 103:05 7753978                   /usr/lib/locale/en_HK.utf8/LC_TIME
7f96f00b9000-7f96f00ba000 r--p 00000000 103:05 7753519                   /usr/lib/locale/en_HK.utf8/LC_MONETARY
7f96f00ba000-7f96f00bb000 r--p 00000000 103:05 7756022                   /usr/lib/locale/en_HK.utf8/LC_MESSAGES/SYS_LC_MESSAGES
7f96f00bb000-7f96f00bc000 r--p 00000000 103:05 7759439                   /usr/lib/locale/en_HK.utf8/LC_PAPER
7f96f00bc000-7f96f00bd000 r--p 00000000 103:05 7750542                   /usr/lib/locale/en_HK.utf8/LC_NAME
7f96f00bd000-7f96f00be000 r--p 00000000 103:05 7755855                   /usr/lib/locale/en_HK.utf8/LC_ADDRESS
7f96f00be000-7f96f00c5000 r--s 00000000 103:05 7637348                   /usr/lib/x86_64-linux-gnu/gconv/gconv-modules.cache
7f96f00c5000-7f96f12d7000 rw-p 00000000 00:00 0 
7f96f12d7000-7f96f12d8000 ---p 00000000 00:00 0 
7f96f12d8000-7f96f374c000 rw-p 00000000 00:00 0 
7f96f374c000-7f96f385f000 ---p 00000000 00:00 0 
7f96f385f000-7f96f3860000 ---p 00000000 00:00 0 
7f96f3860000-7f96f39a3000 rw-p 00000000 00:00 0 
7f96f39a3000-7f96f3ab5000 ---p 00000000 00:00 0 
7f96f3ab5000-7f96f3aba000 rw-p 00000000 00:00 0 
7f96f3aba000-7f96f3b61000 ---p 00000000 00:00 0 
7f96f3b61000-7f96f3b8e000 rw-p 00000000 00:00 0 
7f96f3b8e000-7f96f3c4c000 ---p 00000000 00:00 0 
7f96f3c4c000-7f96f3ca6000 rw-p 00000000 00:00 0 
7f96f3ca6000-7f96f3d37000 ---p 00000000 00:00 0 
7f96f3d37000-7f96f3d3c000 rw-p 00000000 00:00 0 
7f96f3d3c000-7f96f3d43000 ---p 00000000 00:00 0 
7f96f3d43000-7f96f3d4b000 rw-s 00000000 00:31 779                        /tmp/hsperfdata_crispyduck/1460
7f96f3d4b000-7f96f3d6b000 r-xp 00000000 00:34 12937607607944370308       /run/flatpak/doc/35ebeff0/jdk-21-oracle-x64/lib/libjava.so
7f96f3d6b000-7f96f3d6c000 ---p 00020000 00:34 12937607607944370308       /run/flatpak/doc/35ebeff0/jdk-21-oracle-x64/lib/libjava.so
7f96f3d6c000-7f96f3d6d000 r--p 00020000 00:34 12937607607944370308       /run/flatpak/doc/35ebeff0/jdk-21-oracle-x64/lib/libjava.so
7f96f3d6d000-7f96f3d6e000 rw-p 00021000 00:34 12937607607944370308       /run/flatpak/doc/35ebeff0/jdk-21-oracle-x64/lib/libjava.so
7f96f3d6e000-7f96f3d6f000 rw-p 00000000 00:00 0 
7f96f3d6f000-7f96f3d8a000 r-xp 00000000 00:34 1541622114489425563        /run/flatpak/doc/35ebeff0/jdk-21-oracle-x64/lib/libjimage.so
7f96f3d8a000-7f96f3d8b000 ---p 0001b000 00:34 1541622114489425563        /run/flatpak/doc/35ebeff0/jdk-21-oracle-x64/lib/libjimage.so
7f96f3d8b000-7f96f3d8d000 r--p 0001b000 00:34 1541622114489425563        /run/flatpak/doc/35ebeff0/jdk-21-oracle-x64/lib/libjimage.so
7f96f3d8d000-7f96f3d8e000 rw-p 0001d000 00:34 1541622114489425563        /run/flatpak/doc/35ebeff0/jdk-21-oracle-x64/lib/libjimage.so
7f96f3d8e000-7f96f3d92000 ---p 00000000 00:00 0 
7f96f3d92000-7f96f3e8e000 rw-p 00000000 00:00 0 
7f96f3e8e000-7f96f3e9e000 r--p 00000000 103:05 7793188                   /usr/lib/x86_64-linux-gnu/libm.so.6
7f96f3e9e000-7f96f3f1f000 r-xp 00010000 103:05 7793188                   /usr/lib/x86_64-linux-gnu/libm.so.6
7f96f3f1f000-7f96f3f7b000 r--p 00091000 103:05 7793188                   /usr/lib/x86_64-linux-gnu/libm.so.6
7f96f3f7b000-7f96f3f7c000 r--p 000ec000 103:05 7793188                   /usr/lib/x86_64-linux-gnu/libm.so.6
7f96f3f7c000-7f96f3f7d000 rw-p 000ed000 103:05 7793188                   /usr/lib/x86_64-linux-gnu/libm.so.6
7f96f3f7d000-7f96f3f7e000 r--p 00000000 103:05 7795113                   /usr/lib/x86_64-linux-gnu/librt.so.1
7f96f3f7e000-7f96f3f7f000 r-xp 00001000 103:05 7795113                   /usr/lib/x86_64-linux-gnu/librt.so.1
7f96f3f7f000-7f96f3f80000 r--p 00002000 103:05 7795113                   /usr/lib/x86_64-linux-gnu/librt.so.1
7f96f3f80000-7f96f3f81000 r--p 00002000 103:05 7795113                   /usr/lib/x86_64-linux-gnu/librt.so.1
7f96f3f81000-7f96f3f82000 rw-p 00003000 103:05 7795113                   /usr/lib/x86_64-linux-gnu/librt.so.1
7f96f3f82000-7f96f528c000 r-xp 00000000 00:34 15503003172377247791       /run/flatpak/doc/35ebeff0/jdk-21-oracle-x64/lib/server/libjvm.so
7f96f528c000-7f96f5359000 r--p 01309000 00:34 15503003172377247791       /run/flatpak/doc/35ebeff0/jdk-21-oracle-x64/lib/server/libjvm.so
7f96f5359000-7f96f5387000 rw-p 013d6000 00:34 15503003172377247791       /run/flatpak/doc/35ebeff0/jdk-21-oracle-x64/lib/server/libjvm.so
7f96f5387000-7f96f53f0000 rw-p 00000000 00:00 0 
7f96f53f0000-7f96f5418000 r--p 00000000 103:05 7798150                   /usr/lib/x86_64-linux-gnu/libc.so.6
7f96f5418000-7f96f558d000 r-xp 00028000 103:05 7798150                   /usr/lib/x86_64-linux-gnu/libc.so.6
7f96f558d000-7f96f55dc000 r--p 0019d000 103:05 7798150                   /usr/lib/x86_64-linux-gnu/libc.so.6
7f96f55dc000-7f96f55e0000 r--p 001eb000 103:05 7798150                   /usr/lib/x86_64-linux-gnu/libc.so.6
7f96f55e0000-7f96f55e2000 rw-p 001ef000 103:05 7798150                   /usr/lib/x86_64-linux-gnu/libc.so.6
7f96f55e2000-7f96f55ef000 rw-p 00000000 00:00 0 
7f96f55ef000-7f96f55f0000 r--p 00000000 103:05 7796521                   /usr/lib/x86_64-linux-gnu/libdl.so.2
7f96f55f0000-7f96f55f1000 r-xp 00001000 103:05 7796521                   /usr/lib/x86_64-linux-gnu/libdl.so.2
7f96f55f1000-7f96f55f2000 r--p 00002000 103:05 7796521                   /usr/lib/x86_64-linux-gnu/libdl.so.2
7f96f55f2000-7f96f55f3000 r--p 00002000 103:05 7796521                   /usr/lib/x86_64-linux-gnu/libdl.so.2
7f96f55f3000-7f96f55f4000 rw-p 00003000 103:05 7796521                   /usr/lib/x86_64-linux-gnu/libdl.so.2
7f96f55f4000-7f96f55f5000 r--p 00000000 103:05 7793393                   /usr/lib/x86_64-linux-gnu/libpthread.so.0
7f96f55f5000-7f96f55f6000 r-xp 00001000 103:05 7793393                   /usr/lib/x86_64-linux-gnu/libpthread.so.0
7f96f55f6000-7f96f55f7000 r--p 00002000 103:05 7793393                   /usr/lib/x86_64-linux-gnu/libpthread.so.0
7f96f55f7000-7f96f55f8000 r--p 00002000 103:05 7793393                   /usr/lib/x86_64-linux-gnu/libpthread.so.0
7f96f55f8000-7f96f55f9000 rw-p 00003000 103:05 7793393                   /usr/lib/x86_64-linux-gnu/libpthread.so.0
7f96f55f9000-7f96f5607000 r-xp 00000000 00:34 808893650845363221         /run/flatpak/doc/35ebeff0/jdk-21-oracle-x64/lib/libjli.so
7f96f5607000-7f96f5608000 ---p 0000e000 00:34 808893650845363221         /run/flatpak/doc/35ebeff0/jdk-21-oracle-x64/lib/libjli.so
7f96f5608000-7f96f5609000 r--p 0000e000 00:34 808893650845363221         /run/flatpak/doc/35ebeff0/jdk-21-oracle-x64/lib/libjli.so
7f96f5609000-7f96f560a000 rw-p 0000f000 00:34 808893650845363221         /run/flatpak/doc/35ebeff0/jdk-21-oracle-x64/lib/libjli.so
7f96f560a000-7f96f560d000 r--p 00000000 103:05 7793276                   /usr/lib/x86_64-linux-gnu/libz.so.1.3.1
7f96f560d000-7f96f561c000 r-xp 00003000 103:05 7793276                   /usr/lib/x86_64-linux-gnu/libz.so.1.3.1
7f96f561c000-7f96f5622000 r--p 00012000 103:05 7793276                   /usr/lib/x86_64-linux-gnu/libz.so.1.3.1
7f96f5622000-7f96f5623000 r--p 00018000 103:05 7793276                   /usr/lib/x86_64-linux-gnu/libz.so.1.3.1
7f96f5623000-7f96f5624000 rw-p 00019000 103:05 7793276                   /usr/lib/x86_64-linux-gnu/libz.so.1.3.1
7f96f5624000-7f96f5625000 r--p 00000000 103:05 7753514                   /usr/lib/locale/en_HK.utf8/LC_TELEPHONE
7f96f5625000-7f96f5626000 r--p 00000000 103:05 7758321                   /usr/lib/locale/en_HK.utf8/LC_MEASUREMENT
7f96f5626000-7f96f5627000 r--p 00000000 103:05 7750392                   /usr/lib/locale/en_HK.utf8/LC_IDENTIFICATION
7f96f5627000-7f96f5631000 r-xp 00000000 00:34 8970758019495037993        /run/flatpak/doc/35ebeff0/jdk-21-oracle-x64/lib/libinstrument.so
7f96f5631000-7f96f5632000 ---p 0000a000 00:34 8970758019495037993        /run/flatpak/doc/35ebeff0/jdk-21-oracle-x64/lib/libinstrument.so
7f96f5632000-7f96f5633000 r--p 0000a000 00:34 8970758019495037993        /run/flatpak/doc/35ebeff0/jdk-21-oracle-x64/lib/libinstrument.so
7f96f5633000-7f96f5634000 rw-p 0000b000 00:34 8970758019495037993        /run/flatpak/doc/35ebeff0/jdk-21-oracle-x64/lib/libinstrument.so
7f96f5634000-7f96f5635000 ---p 00000000 00:00 0 
7f96f5635000-7f96f5636000 r--p 00000000 00:00 0 
7f96f5636000-7f96f5637000 ---p 00000000 00:00 0 
7f96f5637000-7f96f5639000 rw-p 00000000 00:00 0 
7f96f5639000-7f96f563a000 r--p 00000000 103:05 7792874                   /usr/lib/x86_64-linux-gnu/ld-linux-x86-64.so.2
7f96f563a000-7f96f5663000 r-xp 00001000 103:05 7792874                   /usr/lib/x86_64-linux-gnu/ld-linux-x86-64.so.2
7f96f5663000-7f96f566d000 r--p 0002a000 103:05 7792874                   /usr/lib/x86_64-linux-gnu/ld-linux-x86-64.so.2
7f96f566d000-7f96f566f000 r--p 00034000 103:05 7792874                   /usr/lib/x86_64-linux-gnu/ld-linux-x86-64.so.2
7f96f566f000-7f96f5671000 rw-p 00036000 103:05 7792874                   /usr/lib/x86_64-linux-gnu/ld-linux-x86-64.so.2
7ffd66a99000-7ffd66abb000 rw-p 00000000 00:00 0                          [stack]
7ffd66afc000-7ffd66b00000 r--p 00000000 00:00 0                          [vvar]
7ffd66b00000-7ffd66b02000 r-xp 00000000 00:00 0                          [vdso]
ffffffffff600000-ffffffffff601000 --xp 00000000 00:00 0                  [vsyscall]
Total number of mappings: 425


VM Arguments:
jvm_args: --add-modules=ALL-SYSTEM --add-opens=java.base/java.util=ALL-UNNAMED --add-opens=java.base/java.lang=ALL-UNNAMED --add-opens=java.base/sun.nio.fs=ALL-UNNAMED -Declipse.application=org.eclipse.jdt.ls.core.id1 -Dosgi.bundles.defaultStartLevel=4 -Declipse.product=org.eclipse.jdt.ls.core.product -Djava.import.generatesMetadataFilesAtProjectRoot=false -DDetectVMInstallationsJob.disabled=true -Dfile.encoding=utf8 -XX:+UseParallelGC -XX:GCTimeRatio=4 -XX:AdaptiveSizePolicyWeight=90 -Dsun.zip.disableMemoryMapping=true -Xmx1G -Xms100m -Xlog:disable -javaagent:/home/crispyduck/.var/app/com.visualstudio.code/data/vscode/extensions/redhat.java-1.36.0-linux-x64/lombok/lombok-1.18.35.jar -XX:+HeapDumpOnOutOfMemoryError -XX:HeapDumpPath=/home/crispyduck/.var/app/com.visualstudio.code/config/Code/User/workspaceStorage/d6861757e773fe311189016f2cec0e09/redhat.java -Daether.dependencyCollector.impl=bf 
java_command: /home/crispyduck/.var/app/com.visualstudio.code/data/vscode/extensions/redhat.java-1.36.0-linux-x64/server/plugins/org.eclipse.equinox.launcher_1.6.900.v20240613-2009.jar -configuration /home/crispyduck/.var/app/com.visualstudio.code/config/Code/User/globalStorage/redhat.java/1.36.0/config_linux -data /home/crispyduck/.var/app/com.visualstudio.code/config/Code/User/workspaceStorage/d6861757e773fe311189016f2cec0e09/redhat.java/jdt_ws --pipe=/run/user/1000/lsp-7024f855c52258a7acbbd708c38abb74.sock
java_class_path (initial): /home/crispyduck/.var/app/com.visualstudio.code/data/vscode/extensions/redhat.java-1.36.0-linux-x64/server/plugins/org.eclipse.equinox.launcher_1.6.900.v20240613-2009.jar
Launcher Type: SUN_STANDARD

[Global flags]
    uintx AdaptiveSizePolicyWeight                 = 90                                        {product} {command line}
     intx CICompilerCount                          = 4                                         {product} {ergonomic}
    uintx GCTimeRatio                              = 4                                         {product} {command line}
     bool HeapDumpOnOutOfMemoryError               = true                                   {manageable} {command line}
    ccstr HeapDumpPath                             = /home/crispyduck/.var/app/com.visualstudio.code/config/Code/User/workspaceStorage/d6861757e773fe311189016f2cec0e09/redhat.java         {manageable} {command line}
   size_t InitialHeapSize                          = 104857600                                 {product} {command line}
   size_t MaxHeapSize                              = 1073741824                                {product} {command line}
   size_t MaxNewSize                               = 357564416                                 {product} {ergonomic}
   size_t MinHeapDeltaBytes                        = 524288                                    {product} {ergonomic}
   size_t MinHeapSize                              = 104857600                                 {product} {command line}
   size_t NewSize                                  = 34603008                                  {product} {ergonomic}
    uintx NonNMethodCodeHeapSize                   = 5839372                                {pd product} {ergonomic}
    uintx NonProfiledCodeHeapSize                  = 122909434                              {pd product} {ergonomic}
   size_t OldSize                                  = 70254592                                  {product} {ergonomic}
    uintx ProfiledCodeHeapSize                     = 122909434                              {pd product} {ergonomic}
    uintx ReservedCodeCacheSize                    = 251658240                              {pd product} {ergonomic}
     bool SegmentedCodeCache                       = true                                      {product} {ergonomic}
   size_t SoftMaxHeapSize                          = 1073741824                             {manageable} {ergonomic}
     bool UseCompressedOops                        = true                           {product lp64_product} {ergonomic}
     bool UseParallelGC                            = true                                      {product} {command line}

Logging:
Log output configuration:
 #0: stdout all=off uptime,level,tags foldmultilines=false
 #1: stderr all=off uptime,level,tags foldmultilines=false

Environment Variables:
JAVA_HOME=usr/lib/jvm/jdk-21/
PATH=/app/bin:/app/bin:/app/bin:/usr/bin:/home/crispyduck/.var/app/com.visualstudio.code/data/node_modules/bin
LD_LIBRARY_PATH=/app/lib
SHELL=/bin/sh
DISPLAY=:99.0
LANG=en_HK.UTF-8

Active Locale:
LC_ALL=en_HK.UTF-8
LC_COLLATE=en_HK.UTF-8
LC_CTYPE=en_HK.UTF-8
LC_MESSAGES=en_HK.UTF-8
LC_MONETARY=en_HK.UTF-8
LC_NUMERIC=en_HK.UTF-8
LC_TIME=en_HK.UTF-8

Signal Handlers:
   SIGSEGV: 0x00007f96f4ea5e00 in libjvm.so+15875584, mask=11100100010111111101111111111110, flags=SA_RESTART|SA_SIGINFO, unblocked
    SIGBUS: 0x00007f96f4ea5e00 in libjvm.so+15875584, mask=11100100010111111101111111111110, flags=SA_RESTART|SA_SIGINFO, unblocked
    SIGFPE: 0x00007f96f4ea5e00 in libjvm.so+15875584, mask=11100100010111111101111111111110, flags=SA_RESTART|SA_SIGINFO, unblocked
   SIGPIPE: 0x00007f96f4d10ba0 in libjvm.so+14216096, mask=11100100010111111101111111111110, flags=SA_RESTART|SA_SIGINFO, blocked
   SIGXFSZ: 0x00007f96f4d10ba0 in libjvm.so+14216096, mask=11100100010111111101111111111110, flags=SA_RESTART|SA_SIGINFO, blocked
    SIGILL: 0x00007f96f4ea5e00 in libjvm.so+15875584, mask=11100100010111111101111111111110, flags=SA_RESTART|SA_SIGINFO, unblocked
   SIGUSR2: 0x00007f96f4d12370 in libjvm.so+14222192, mask=00000000000000000000000000000000, flags=SA_RESTART|SA_SIGINFO, blocked
    SIGHUP: 0x00007f96f4d10100 in libjvm.so+14213376, mask=11100100010111111101111111111110, flags=SA_RESTART|SA_SIGINFO, blocked
    SIGINT: 0x00007f96f4d10100 in libjvm.so+14213376, mask=11100100010111111101111111111110, flags=SA_RESTART|SA_SIGINFO, blocked
   SIGTERM: 0x00007f96f4d10100 in libjvm.so+14213376, mask=11100100010111111101111111111110, flags=SA_RESTART|SA_SIGINFO, blocked
   SIGQUIT: 0x00007f96f4d10100 in libjvm.so+14213376, mask=11100100010111111101111111111110, flags=SA_RESTART|SA_SIGINFO, blocked
   SIGTRAP: 0x00007f96f4ea5e00 in libjvm.so+15875584, mask=11100100010111111101111111111110, flags=SA_RESTART|SA_SIGINFO, unblocked


---------------  S Y S T E M  ---------------

OS:
NAME="Freedesktop SDK"
VERSION="24.08 (Flatpak runtime)"
VERSION_ID=24.08
ID=org.freedesktop.platform
PRETTY_NAME="Freedesktop SDK 24.08 (Flatpak runtime)"
BUG_REPORT_URL=https://gitlab.com/freedesktop-sdk/freedesktop-sdk/issues
uname: Linux 5.15.0-125-generic #135-Ubuntu SMP Fri Sep 27 13:53:58 UTC 2024 x86_64
OS uptime: 1 days 11:22 hours
libc: glibc 2.40 NPTL 2.40 
rlimit (soft/hard): STACK 8192k/infinity , CORE 0k/infinity , NPROC 62805/62805 , NOFILE 1048576/1048576 , AS infinity/infinity , CPU infinity/infinity , DATA infinity/infinity , FSIZE infinity/infinity , MEMLOCK 2026732k/2026732k
load average: 4.41 4.71 4.97

/proc/meminfo:
MemTotal:       16213884 kB
MemFree:         7464936 kB
MemAvailable:   10394680 kB
Buffers:          623224 kB
Cached:          4214488 kB
SwapCached:         1728 kB
Active:          2313404 kB
Inactive:        4598464 kB
Active(anon):     252336 kB
Inactive(anon):  3509216 kB
Active(file):    2061068 kB
Inactive(file):  1089248 kB
Unevictable:      954312 kB
Mlocked:           59280 kB
SwapTotal:       2097148 kB
SwapFree:        2053372 kB
Dirty:              4320 kB
Writeback:             0 kB
AnonPages:       2917644 kB
Mapped:           407088 kB
Shmem:           1684896 kB
KReclaimable:     493356 kB
Slab:             681900 kB
SReclaimable:     493356 kB
SUnreclaim:       188544 kB
KernelStack:        4964 kB
PageTables:        38920 kB
NFS_Unstable:          0 kB
Bounce:                0 kB
WritebackTmp:          0 kB
CommitLimit:    10204088 kB
Committed_AS:   21171284 kB
VmallocTotal:   34359738367 kB
VmallocUsed:       58480 kB
VmallocChunk:          0 kB
Percpu:             6976 kB
HardwareCorrupted:     0 kB
AnonHugePages:         0 kB
ShmemHugePages:        0 kB
ShmemPmdMapped:        0 kB
FileHugePages:         0 kB
FilePmdMapped:         0 kB
HugePages_Total:       0
HugePages_Free:        0
HugePages_Rsvd:        0
HugePages_Surp:        0
Hugepagesize:       2048 kB
Hugetlb:               0 kB
DirectMap4k:      630368 kB
DirectMap2M:    14938112 kB
DirectMap1G:     1048576 kB

/sys/kernel/mm/transparent_hugepage/enabled: <Not Available>
/sys/kernel/mm/transparent_hugepage/defrag (defrag/compaction efforts parameter): <Not Available>

Process Memory:
Virtual Size: 6719840K (peak: 6719840K)
Resident Set Size: 642560K (peak: 994308K) (anon: 629668K, file: 12860K, shmem: 32K)
Swapped out: 0K
C-Heap outstanding allocations: 70339K, retained: 247572K
glibc malloc tunables: (default)

/proc/sys/kernel/threads-max (system-wide limit on the number of threads): 125611
/proc/sys/vm/max_map_count (maximum number of memory map areas a process may have): 65530
/proc/sys/kernel/pid_max (system-wide limit on number of process identifiers): 4194304

container information not found.
Steal ticks since vm start: 0
Steal ticks percentage since vm start:  0.000

CPU: total 8 (initial active 8) (4 cores per cpu, 2 threads per core) family 6 model 142 stepping 10 microcode 0xf6, cx8, cmov, fxsr, ht, mmx, 3dnowpref, sse, sse2, sse3, ssse3, sse4.1, sse4.2, popcnt, lzcnt, tsc, tscinvbit, avx, avx2, aes, erms, clmul, bmi1, bmi2, adx, fma, vzeroupper, clflush, clflushopt, rdtscp, f16c
CPU Model and flags from /proc/cpuinfo:
model name	: Intel(R) Core(TM) i5-8350U CPU @ 1.70GHz
flags		: fpu vme de pse tsc msr pae mce cx8 apic sep mtrr pge mca cmov pat pse36 clflush dts acpi mmx fxsr sse sse2 ss ht tm pbe syscall nx pdpe1gb rdtscp lm constant_tsc art arch_perfmon pebs bts rep_good nopl xtopology nonstop_tsc cpuid aperfmperf pni pclmulqdq dtes64 monitor ds_cpl vmx smx est tm2 ssse3 sdbg fma cx16 xtpr pdcm pcid sse4_1 sse4_2 x2apic movbe popcnt tsc_deadline_timer aes xsave avx f16c rdrand lahf_lm abm 3dnowprefetch cpuid_fault epb invpcid_single pti ssbd ibrs ibpb stibp tpr_shadow vnmi flexpriority ept vpid ept_ad fsgsbase tsc_adjust bmi1 avx2 smep bmi2 erms invpcid mpx rdseed adx smap clflushopt intel_pt xsaveopt xsavec xgetbv1 xsaves dtherm ida arat pln pts hwp hwp_notify hwp_act_window hwp_epp md_clear flush_l1d arch_capabilities

Online cpus: 0-7
Offline cpus: 
BIOS frequency limitation: <Not Available>
Frequency switch latency (ns): 0
Available cpu frequencies: <Not Available>
Current governor: powersave
Core performance/turbo boost: <Not Available>

Memory: 4k page, physical 16213884k(10453968k free), swap 2097148k(2053372k free)
Page Sizes: 4k

vm_info: Java HotSpot(TM) 64-Bit Server VM (21+35-LTS-2513) for linux-amd64 JRE (21+35-LTS-2513), built on 2023-08-09T20:25:10Z by "mach5one" with gcc 11.2.0

END.
